[INFO] Scanning for projects...
[INFO] 
[INFO] ------------------------< com.example:shopping >------------------------
[INFO] Building shopping 0.0.1-SNAPSHOT
[INFO]   from pom.xml
[INFO] --------------------------------[ jar ]---------------------------------
[INFO] 
[INFO] >>> spring-boot:3.3.0:run (default-cli) > test-compile @ shopping >>>
[INFO] 
[INFO] --- resources:3.3.1:resources (default-resources) @ shopping ---
[INFO] Copying 1 resource from src\main\resources to target\classes
[INFO] Copying 655 resources from src\main\resources to target\classes
[INFO] 
[INFO] --- compiler:3.13.0:compile (default-compile) @ shopping ---
[INFO] Nothing to compile - all classes are up to date.
[INFO] 
[INFO] --- resources:3.3.1:testResources (default-testResources) @ shopping ---
[INFO] skip non existing resourceDirectory C:\Users\35373\Desktop\lhh\shopping\src\test\resources
[INFO] 
[INFO] --- compiler:3.13.0:testCompile (default-testCompile) @ shopping ---
[INFO] Nothing to compile - all classes are up to date.
[INFO] 
[INFO] <<< spring-boot:3.3.0:run (default-cli) < test-compile @ shopping <<<
[INFO] 
[INFO] 
[INFO] --- spring-boot:3.3.0:run (default-cli) @ shopping ---
[INFO] Attaching agents: []
  .   ____          _            __ _ _
 /\\ / ___'_ __ _ _(_)_ __  __ _ \ \ \ \
( ( )\___ | '_ | '_| | '_ \/ _` | \ \ \ \
 \\/  ___)| |_)| | | | | || (_| |  ) ) ) )
  '  |____| .__|_| |_|_| |_\__, | / / / /
 =========|_|==============|___/=/_/_/_/

 :: Spring Boot ::                (v3.3.0)

2026-04-14T21:55:10.226+08:00  INFO 52948 --- [           main] c.example.shopping.ShoppingApplication   : Starting ShoppingApplication using Java 22.0.2 with PID 52948 (C:\Users\35373\Desktop\lhh\shopping\target\classes started by 35373 in C:\Users\35373\Desktop\lhh\shopping)
2026-04-14T21:55:10.228+08:00  INFO 52948 --- [           main] c.example.shopping.ShoppingApplication   : No active profile set, falling back to 1 default profile: "default"
2026-04-14T21:55:11.246+08:00  INFO 52948 --- [           main] o.s.b.w.embedded.tomcat.TomcatWebServer  : Tomcat initialized with port 8080 (http)
2026-04-14T21:55:11.259+08:00  INFO 52948 --- [           main] o.apache.catalina.core.StandardService   : Starting service [Tomcat]
2026-04-14T21:55:11.259+08:00  INFO 52948 --- [           main] o.apache.catalina.core.StandardEngine    : Starting Servlet engine: [Apache Tomcat/10.1.24]
2026-04-14T21:55:11.312+08:00  INFO 52948 --- [           main] o.a.c.c.C.[Tomcat].[localhost].[/]       : Initializing Spring embedded WebApplicationContext
2026-04-14T21:55:11.312+08:00  INFO 52948 --- [           main] w.s.c.ServletWebServerApplicationContext : Root WebApplicationContext: initialization completed in 1046 ms
2026-04-14T21:55:11.684+08:00  INFO 52948 --- [           main] com.zaxxer.hikari.HikariDataSource       : HikariPool-1 - Starting...
2026-04-14T21:55:11.812+08:00  INFO 52948 --- [           main] com.zaxxer.hikari.pool.HikariPool        : HikariPool-1 - Added connection com.mysql.cj.jdbc.ConnectionImpl@2d22d3b1
2026-04-14T21:55:11.813+08:00  INFO 52948 --- [           main] com.zaxxer.hikari.HikariDataSource       : HikariPool-1 - Start completed.
2026-04-14T21:55:12.489+08:00  INFO 52948 --- [           main] r$InitializeUserDetailsManagerConfigurer : Global AuthenticationManager configured with UserDetailsService bean with name userDetailsServiceImpl
2026-04-14T21:55:12.539+08:00  INFO 52948 --- [           main] o.s.b.a.w.s.WelcomePageHandlerMapping    : Adding welcome page template: index
2026-04-14T21:55:12.693+08:00  INFO 52948 --- [           main] o.s.b.a.e.web.EndpointLinksResolver      : Exposing 1 endpoint beneath base path '/actuator'
2026-04-14T21:55:12.728+08:00  INFO 52948 --- [           main] o.s.s.web.DefaultSecurityFilterChain     : Will secure any request with [org.springframework.security.web.session.DisableEncodeUrlFilter@7f5e6833, org.springframework.security.web.context.request.async.WebAsyncManagerIntegrationFilter@2c674d58, org.springframework.security.web.context.SecurityContextHolderFilter@30798137, org.springframework.security.web.header.HeaderWriterFilter@46c662f2, org.springframework.web.filter.CorsFilter@3c07e830, org.springframework.security.web.authentication.logout.LogoutFilter@74ebd159, org.springframework.security.web.savedrequest.RequestCacheAwareFilter@60652518, org.springframework.security.web.servletapi.SecurityContextHolderAwareRequestFilter@2c77344f, org.springframework.security.web.authentication.AnonymousAuthenticationFilter@34beadce, org.springframework.security.web.access.ExceptionTranslationFilter@1109730f, org.springframework.security.web.access.intercept.AuthorizationFilter@15e8c040]
2026-04-14T21:55:12.930+08:00  INFO 52948 --- [           main] o.s.b.w.embedded.tomcat.TomcatWebServer  : Tomcat started on port 8080 (http) with context path '/'
2026-04-14T21:55:12.938+08:00  INFO 52948 --- [           main] c.example.shopping.ShoppingApplication   : Started ShoppingApplication in 3.077 seconds (process running for 3.342)
2026-04-14T21:55:12.992+08:00  INFO 52948 --- [           main] c.e.shopping.service.ImageScanService    : 图片扫描导入已禁用 (image.scan.enabled=false)，跳过自动导入。
2026-04-14T21:55:48.044+08:00  INFO 52948 --- [nio-8080-exec-1] o.a.c.c.C.[Tomcat].[localhost].[/]       : Initializing Spring DispatcherServlet 'dispatcherServlet'
2026-04-14T21:55:48.044+08:00  INFO 52948 --- [nio-8080-exec-1] o.s.web.servlet.DispatcherServlet        : Initializing Servlet 'dispatcherServlet'
2026-04-14T21:55:48.046+08:00  INFO 52948 --- [nio-8080-exec-1] o.s.web.servlet.DispatcherServlet        : Completed initialization in 2 ms
2026-04-14T21:55:48.112+08:00 DEBUG 52948 --- [nio-8080-exec-1] c.e.shopping.mapper.ShopMapper.findAll   : ==>  Preparing: SELECT id, name, folder, description, sort_order as sortOrder FROM shops ORDER BY sort_order, id
2026-04-14T21:55:48.126+08:00 DEBUG 52948 --- [nio-8080-exec-1] c.e.shopping.mapper.ShopMapper.findAll   : ==> Parameters: 
2026-04-14T21:55:48.152+08:00 DEBUG 52948 --- [nio-8080-exec-1] c.e.shopping.mapper.ShopMapper.findAll   : <==      Total: 41
2026-04-14T21:55:48.168+08:00 DEBUG 52948 --- [nio-8080-exec-1] c.e.s.m.ProductMapper.countByCategory    : ==>  Preparing: SELECT COUNT(*) FROM products WHERE status = 1 AND category IN ('phone', 'computer') AND (merchant_id IS NULL OR merchant_id IN (SELECT id FROM shops))
2026-04-14T21:55:48.169+08:00 DEBUG 52948 --- [nio-8080-exec-1] c.e.s.m.ProductMapper.countByCategory    : ==> Parameters: 
2026-04-14T21:55:48.170+08:00 DEBUG 52948 --- [nio-8080-exec-1] c.e.s.m.ProductMapper.countByCategory    : <==      Total: 1
2026-04-14T21:55:48.170+08:00 DEBUG 52948 --- [nio-8080-exec-1] c.e.s.mapper.ProductMapper.findByPage    : ==>  Preparing: SELECT * FROM products WHERE status = 1 AND category IN ('phone', 'computer') AND (merchant_id IS NULL OR merchant_id IN (SELECT id FROM shops)) ORDER BY id DESC LIMIT ?, ?
2026-04-14T21:55:48.173+08:00 DEBUG 52948 --- [nio-8080-exec-1] c.e.s.mapper.ProductMapper.findByPage    : ==> Parameters: 0(Integer), 12(Integer)
2026-04-14T21:55:48.183+08:00 DEBUG 52948 --- [nio-8080-exec-1] c.e.s.mapper.ProductMapper.findByPage    : <==      Total: 12
2026-04-14T21:55:48.240+08:00 DEBUG 52948 --- [nio-8080-exec-1] c.e.s.m.P.findByProductId                : ==>  Preparing: SELECT id, product_id as productId, image_url as imageUrl, sort_order as sortOrder FROM product_images WHERE product_id = ? ORDER BY sort_order, id
2026-04-14T21:55:48.241+08:00 DEBUG 52948 --- [nio-8080-exec-1] c.e.s.m.P.findByProductId                : ==> Parameters: 68(Long)
2026-04-14T21:55:48.242+08:00 DEBUG 52948 --- [nio-8080-exec-1] c.e.s.m.P.findByProductId                : <==      Total: 1
2026-04-14T21:55:48.242+08:00 DEBUG 52948 --- [nio-8080-exec-1] c.e.s.m.P.findByProductId                : ==>  Preparing: SELECT id, product_id as productId, image_url as imageUrl, sort_order as sortOrder FROM product_images WHERE product_id = ? ORDER BY sort_order, id
2026-04-14T21:55:48.242+08:00 DEBUG 52948 --- [nio-8080-exec-1] c.e.s.m.P.findByProductId                : ==> Parameters: 67(Long)
2026-04-14T21:55:48.244+08:00 DEBUG 52948 --- [nio-8080-exec-1] c.e.s.m.P.findByProductId                : <==      Total: 1
2026-04-14T21:55:48.244+08:00 DEBUG 52948 --- [nio-8080-exec-1] c.e.s.m.P.findByProductId                : ==>  Preparing: SELECT id, product_id as productId, image_url as imageUrl, sort_order as sortOrder FROM product_images WHERE product_id = ? ORDER BY sort_order, id
2026-04-14T21:55:48.244+08:00 DEBUG 52948 --- [nio-8080-exec-1] c.e.s.m.P.findByProductId                : ==> Parameters: 66(Long)
2026-04-14T21:55:48.245+08:00 DEBUG 52948 --- [nio-8080-exec-1] c.e.s.m.P.findByProductId                : <==      Total: 1
2026-04-14T21:55:48.245+08:00 DEBUG 52948 --- [nio-8080-exec-1] c.e.s.m.P.findByProductId                : ==>  Preparing: SELECT id, product_id as productId, image_url as imageUrl, sort_order as sortOrder FROM product_images WHERE product_id = ? ORDER BY sort_order, id
2026-04-14T21:55:48.247+08:00 DEBUG 52948 --- [nio-8080-exec-1] c.e.s.m.P.findByProductId                : ==> Parameters: 65(Long)
2026-04-14T21:55:48.247+08:00 DEBUG 52948 --- [nio-8080-exec-1] c.e.s.m.P.findByProductId                : <==      Total: 1
2026-04-14T21:55:48.249+08:00 DEBUG 52948 --- [nio-8080-exec-1] c.e.s.m.P.findByProductId                : ==>  Preparing: SELECT id, product_id as productId, image_url as imageUrl, sort_order as sortOrder FROM product_images WHERE product_id = ? ORDER BY sort_order, id
2026-04-14T21:55:48.249+08:00 DEBUG 52948 --- [nio-8080-exec-1] c.e.s.m.P.findByProductId                : ==> Parameters: 64(Long)
2026-04-14T21:55:48.250+08:00 DEBUG 52948 --- [nio-8080-exec-1] c.e.s.m.P.findByProductId                : <==      Total: 1
2026-04-14T21:55:48.250+08:00 DEBUG 52948 --- [nio-8080-exec-1] c.e.s.m.P.findByProductId                : ==>  Preparing: SELECT id, product_id as productId, image_url as imageUrl, sort_order as sortOrder FROM product_images WHERE product_id = ? ORDER BY sort_order, id
2026-04-14T21:55:48.250+08:00 DEBUG 52948 --- [nio-8080-exec-1] c.e.s.m.P.findByProductId                : ==> Parameters: 63(Long)
2026-04-14T21:55:48.251+08:00 DEBUG 52948 --- [nio-8080-exec-1] c.e.s.m.P.findByProductId                : <==      Total: 1
2026-04-14T21:55:48.251+08:00 DEBUG 52948 --- [nio-8080-exec-1] c.e.s.m.P.findByProductId                : ==>  Preparing: SELECT id, product_id as productId, image_url as imageUrl, sort_order as sortOrder FROM product_images WHERE product_id = ? ORDER BY sort_order, id
2026-04-14T21:55:48.251+08:00 DEBUG 52948 --- [nio-8080-exec-1] c.e.s.m.P.findByProductId                : ==> Parameters: 62(Long)
2026-04-14T21:55:48.252+08:00 DEBUG 52948 --- [nio-8080-exec-1] c.e.s.m.P.findByProductId                : <==      Total: 1
2026-04-14T21:55:48.252+08:00 DEBUG 52948 --- [nio-8080-exec-1] c.e.s.m.P.findByProductId                : ==>  Preparing: SELECT id, product_id as productId, image_url as imageUrl, sort_order as sortOrder FROM product_images WHERE product_id = ? ORDER BY sort_order, id
2026-04-14T21:55:48.252+08:00 DEBUG 52948 --- [nio-8080-exec-1] c.e.s.m.P.findByProductId                : ==> Parameters: 61(Long)
2026-04-14T21:55:48.252+08:00 DEBUG 52948 --- [nio-8080-exec-1] c.e.s.m.P.findByProductId                : <==      Total: 1
2026-04-14T21:55:48.252+08:00 DEBUG 52948 --- [nio-8080-exec-1] c.e.s.m.P.findByProductId                : ==>  Preparing: SELECT id, product_id as productId, image_url as imageUrl, sort_order as sortOrder FROM product_images WHERE product_id = ? ORDER BY sort_order, id
2026-04-14T21:55:48.254+08:00 DEBUG 52948 --- [nio-8080-exec-1] c.e.s.m.P.findByProductId                : ==> Parameters: 60(Long)
2026-04-14T21:55:48.255+08:00 DEBUG 52948 --- [nio-8080-exec-1] c.e.s.m.P.findByProductId                : <==      Total: 1
2026-04-14T21:55:48.256+08:00 DEBUG 52948 --- [nio-8080-exec-1] c.e.s.m.P.findByProductId                : ==>  Preparing: SELECT id, product_id as productId, image_url as imageUrl, sort_order as sortOrder FROM product_images WHERE product_id = ? ORDER BY sort_order, id
2026-04-14T21:55:48.256+08:00 DEBUG 52948 --- [nio-8080-exec-1] c.e.s.m.P.findByProductId                : ==> Parameters: 59(Long)
2026-04-14T21:55:48.258+08:00 DEBUG 52948 --- [nio-8080-exec-1] c.e.s.m.P.findByProductId                : <==      Total: 1
2026-04-14T21:55:48.259+08:00 DEBUG 52948 --- [nio-8080-exec-1] c.e.s.m.P.findByProductId                : ==>  Preparing: SELECT id, product_id as productId, image_url as imageUrl, sort_order as sortOrder FROM product_images WHERE product_id = ? ORDER BY sort_order, id
2026-04-14T21:55:48.259+08:00 DEBUG 52948 --- [nio-8080-exec-1] c.e.s.m.P.findByProductId                : ==> Parameters: 58(Long)
2026-04-14T21:55:48.260+08:00 DEBUG 52948 --- [nio-8080-exec-1] c.e.s.m.P.findByProductId                : <==      Total: 1
2026-04-14T21:55:48.260+08:00 DEBUG 52948 --- [nio-8080-exec-1] c.e.s.m.P.findByProductId                : ==>  Preparing: SELECT id, product_id as productId, image_url as imageUrl, sort_order as sortOrder FROM product_images WHERE product_id = ? ORDER BY sort_order, id
2026-04-14T21:55:48.260+08:00 DEBUG 52948 --- [nio-8080-exec-1] c.e.s.m.P.findByProductId                : ==> Parameters: 57(Long)
2026-04-14T21:55:48.260+08:00 DEBUG 52948 --- [nio-8080-exec-1] c.e.s.m.P.findByProductId                : <==      Total: 1
2026-04-14T21:56:37.104+08:00 DEBUG 52948 --- [nio-8080-exec-2] c.e.shopping.mapper.ShopMapper.findAll   : ==>  Preparing: SELECT id, name, folder, description, sort_order as sortOrder FROM shops ORDER BY sort_order, id
2026-04-14T21:56:37.104+08:00 DEBUG 52948 --- [nio-8080-exec-2] c.e.shopping.mapper.ShopMapper.findAll   : ==> Parameters: 
2026-04-14T21:56:37.108+08:00 DEBUG 52948 --- [nio-8080-exec-2] c.e.shopping.mapper.ShopMapper.findAll   : <==      Total: 41
2026-04-14T21:56:37.108+08:00 DEBUG 52948 --- [nio-8080-exec-2] c.e.s.m.ProductMapper.countByCategory    : ==>  Preparing: SELECT COUNT(*) FROM products WHERE status = 1 AND category IN ('phone', 'computer') AND (merchant_id IS NULL OR merchant_id IN (SELECT id FROM shops))
2026-04-14T21:56:37.108+08:00 DEBUG 52948 --- [nio-8080-exec-2] c.e.s.m.ProductMapper.countByCategory    : ==> Parameters: 
2026-04-14T21:56:37.109+08:00 DEBUG 52948 --- [nio-8080-exec-2] c.e.s.m.ProductMapper.countByCategory    : <==      Total: 1
2026-04-14T21:56:37.109+08:00 DEBUG 52948 --- [nio-8080-exec-2] c.e.s.mapper.ProductMapper.findByPage    : ==>  Preparing: SELECT * FROM products WHERE status = 1 AND category IN ('phone', 'computer') AND (merchant_id IS NULL OR merchant_id IN (SELECT id FROM shops)) ORDER BY id DESC LIMIT ?, ?
2026-04-14T21:56:37.109+08:00 DEBUG 52948 --- [nio-8080-exec-2] c.e.s.mapper.ProductMapper.findByPage    : ==> Parameters: 0(Integer), 12(Integer)
2026-04-14T21:56:37.112+08:00 DEBUG 52948 --- [nio-8080-exec-2] c.e.s.mapper.ProductMapper.findByPage    : <==      Total: 12
2026-04-14T21:56:37.112+08:00 DEBUG 52948 --- [nio-8080-exec-2] c.e.s.m.P.findByProductId                : ==>  Preparing: SELECT id, product_id as productId, image_url as imageUrl, sort_order as sortOrder FROM product_images WHERE product_id = ? ORDER BY sort_order, id
2026-04-14T21:56:37.112+08:00 DEBUG 52948 --- [nio-8080-exec-2] c.e.s.m.P.findByProductId                : ==> Parameters: 68(Long)
2026-04-14T21:56:37.114+08:00 DEBUG 52948 --- [nio-8080-exec-2] c.e.s.m.P.findByProductId                : <==      Total: 1
2026-04-14T21:56:37.114+08:00 DEBUG 52948 --- [nio-8080-exec-2] c.e.s.m.P.findByProductId                : ==>  Preparing: SELECT id, product_id as productId, image_url as imageUrl, sort_order as sortOrder FROM product_images WHERE product_id = ? ORDER BY sort_order, id
2026-04-14T21:56:37.114+08:00 DEBUG 52948 --- [nio-8080-exec-2] c.e.s.m.P.findByProductId                : ==> Parameters: 67(Long)
2026-04-14T21:56:37.115+08:00 DEBUG 52948 --- [nio-8080-exec-2] c.e.s.m.P.findByProductId                : <==      Total: 1
2026-04-14T21:56:37.115+08:00 DEBUG 52948 --- [nio-8080-exec-2] c.e.s.m.P.findByProductId                : ==>  Preparing: SELECT id, product_id as productId, image_url as imageUrl, sort_order as sortOrder FROM product_images WHERE product_id = ? ORDER BY sort_order, id
2026-04-14T21:56:37.115+08:00 DEBUG 52948 --- [nio-8080-exec-2] c.e.s.m.P.findByProductId                : ==> Parameters: 66(Long)
2026-04-14T21:56:37.115+08:00 DEBUG 52948 --- [nio-8080-exec-2] c.e.s.m.P.findByProductId                : <==      Total: 1
2026-04-14T21:56:37.115+08:00 DEBUG 52948 --- [nio-8080-exec-2] c.e.s.m.P.findByProductId                : ==>  Preparing: SELECT id, product_id as productId, image_url as imageUrl, sort_order as sortOrder FROM product_images WHERE product_id = ? ORDER BY sort_order, id
2026-04-14T21:56:37.115+08:00 DEBUG 52948 --- [nio-8080-exec-2] c.e.s.m.P.findByProductId                : ==> Parameters: 65(Long)
2026-04-14T21:56:37.118+08:00 DEBUG 52948 --- [nio-8080-exec-2] c.e.s.m.P.findByProductId                : <==      Total: 1
2026-04-14T21:56:37.118+08:00 DEBUG 52948 --- [nio-8080-exec-2] c.e.s.m.P.findByProductId                : ==>  Preparing: SELECT id, product_id as productId, image_url as imageUrl, sort_order as sortOrder FROM product_images WHERE product_id = ? ORDER BY sort_order, id
2026-04-14T21:56:37.118+08:00 DEBUG 52948 --- [nio-8080-exec-2] c.e.s.m.P.findByProductId                : ==> Parameters: 64(Long)
2026-04-14T21:56:37.119+08:00 DEBUG 52948 --- [nio-8080-exec-2] c.e.s.m.P.findByProductId                : <==      Total: 1
2026-04-14T21:56:37.119+08:00 DEBUG 52948 --- [nio-8080-exec-2] c.e.s.m.P.findByProductId                : ==>  Preparing: SELECT id, product_id as productId, image_url as imageUrl, sort_order as sortOrder FROM product_images WHERE product_id = ? ORDER BY sort_order, id
2026-04-14T21:56:37.119+08:00 DEBUG 52948 --- [nio-8080-exec-2] c.e.s.m.P.findByProductId                : ==> Parameters: 63(Long)
2026-04-14T21:56:37.121+08:00 DEBUG 52948 --- [nio-8080-exec-2] c.e.s.m.P.findByProductId                : <==      Total: 1
2026-04-14T21:56:37.122+08:00 DEBUG 52948 --- [nio-8080-exec-2] c.e.s.m.P.findByProductId                : ==>  Preparing: SELECT id, product_id as productId, image_url as imageUrl, sort_order as sortOrder FROM product_images WHERE product_id = ? ORDER BY sort_order, id
2026-04-14T21:56:37.122+08:00 DEBUG 52948 --- [nio-8080-exec-2] c.e.s.m.P.findByProductId                : ==> Parameters: 62(Long)
2026-04-14T21:56:37.124+08:00 DEBUG 52948 --- [nio-8080-exec-2] c.e.s.m.P.findByProductId                : <==      Total: 1
2026-04-14T21:56:37.124+08:00 DEBUG 52948 --- [nio-8080-exec-2] c.e.s.m.P.findByProductId                : ==>  Preparing: SELECT id, product_id as productId, image_url as imageUrl, sort_order as sortOrder FROM product_images WHERE product_id = ? ORDER BY sort_order, id
2026-04-14T21:56:37.124+08:00 DEBUG 52948 --- [nio-8080-exec-2] c.e.s.m.P.findByProductId                : ==> Parameters: 61(Long)
2026-04-14T21:56:37.125+08:00 DEBUG 52948 --- [nio-8080-exec-2] c.e.s.m.P.findByProductId                : <==      Total: 1
2026-04-14T21:56:37.125+08:00 DEBUG 52948 --- [nio-8080-exec-2] c.e.s.m.P.findByProductId                : ==>  Preparing: SELECT id, product_id as productId, image_url as imageUrl, sort_order as sortOrder FROM product_images WHERE product_id = ? ORDER BY sort_order, id
2026-04-14T21:56:37.125+08:00 DEBUG 52948 --- [nio-8080-exec-2] c.e.s.m.P.findByProductId                : ==> Parameters: 60(Long)
2026-04-14T21:56:37.127+08:00 DEBUG 52948 --- [nio-8080-exec-2] c.e.s.m.P.findByProductId                : <==      Total: 1
2026-04-14T21:56:37.127+08:00 DEBUG 52948 --- [nio-8080-exec-2] c.e.s.m.P.findByProductId                : ==>  Preparing: SELECT id, product_id as productId, image_url as imageUrl, sort_order as sortOrder FROM product_images WHERE product_id = ? ORDER BY sort_order, id
2026-04-14T21:56:37.127+08:00 DEBUG 52948 --- [nio-8080-exec-2] c.e.s.m.P.findByProductId                : ==> Parameters: 59(Long)
2026-04-14T21:56:37.128+08:00 DEBUG 52948 --- [nio-8080-exec-2] c.e.s.m.P.findByProductId                : <==      Total: 1
2026-04-14T21:56:37.128+08:00 DEBUG 52948 --- [nio-8080-exec-2] c.e.s.m.P.findByProductId                : ==>  Preparing: SELECT id, product_id as productId, image_url as imageUrl, sort_order as sortOrder FROM product_images WHERE product_id = ? ORDER BY sort_order, id
2026-04-14T21:56:37.129+08:00 DEBUG 52948 --- [nio-8080-exec-2] c.e.s.m.P.findByProductId                : ==> Parameters: 58(Long)
2026-04-14T21:56:37.130+08:00 DEBUG 52948 --- [nio-8080-exec-2] c.e.s.m.P.findByProductId                : <==      Total: 1
2026-04-14T21:56:37.130+08:00 DEBUG 52948 --- [nio-8080-exec-2] c.e.s.m.P.findByProductId                : ==>  Preparing: SELECT id, product_id as productId, image_url as imageUrl, sort_order as sortOrder FROM product_images WHERE product_id = ? ORDER BY sort_order, id
2026-04-14T21:56:37.130+08:00 DEBUG 52948 --- [nio-8080-exec-2] c.e.s.m.P.findByProductId                : ==> Parameters: 57(Long)
2026-04-14T21:56:37.130+08:00 DEBUG 52948 --- [nio-8080-exec-2] c.e.s.m.P.findByProductId                : <==      Total: 1
2026-04-14T21:57:07.362+08:00 DEBUG 52948 --- [nio-8080-exec-6] c.e.s.mapper.ProductMapper.findById      : ==>  Preparing: SELECT * FROM products WHERE id = ?
2026-04-14T21:57:07.362+08:00 DEBUG 52948 --- [nio-8080-exec-5] c.e.s.mapper.ProductMapper.findById      : ==>  Preparing: SELECT * FROM products WHERE id = ?
2026-04-14T21:57:07.362+08:00 DEBUG 52948 --- [nio-8080-exec-6] c.e.s.mapper.ProductMapper.findById      : ==> Parameters: 27(Long)
2026-04-14T21:57:07.362+08:00 DEBUG 52948 --- [nio-8080-exec-5] c.e.s.mapper.ProductMapper.findById      : ==> Parameters: 1(Long)
2026-04-14T21:57:07.365+08:00 DEBUG 52948 --- [nio-8080-exec-6] c.e.s.mapper.ProductMapper.findById      : <==      Total: 1
2026-04-14T21:57:07.366+08:00 DEBUG 52948 --- [nio-8080-exec-6] c.e.s.m.P.findByProductId                : ==>  Preparing: SELECT id, product_id as productId, image_url as imageUrl, sort_order as sortOrder FROM product_images WHERE product_id = ? ORDER BY sort_order, id
2026-04-14T21:57:07.366+08:00 DEBUG 52948 --- [nio-8080-exec-5] c.e.s.mapper.ProductMapper.findById      : <==      Total: 1
2026-04-14T21:57:07.366+08:00 DEBUG 52948 --- [nio-8080-exec-6] c.e.s.m.P.findByProductId                : ==> Parameters: 27(Long)
2026-04-14T21:57:07.366+08:00 DEBUG 52948 --- [nio-8080-exec-5] c.e.s.m.P.findByProductId                : ==>  Preparing: SELECT id, product_id as productId, image_url as imageUrl, sort_order as sortOrder FROM product_images WHERE product_id = ? ORDER BY sort_order, id
2026-04-14T21:57:07.366+08:00 DEBUG 52948 --- [nio-8080-exec-5] c.e.s.m.P.findByProductId                : ==> Parameters: 1(Long)
2026-04-14T21:57:07.366+08:00 DEBUG 52948 --- [nio-8080-exec-6] c.e.s.m.P.findByProductId                : <==      Total: 2
2026-04-14T21:57:07.366+08:00 DEBUG 52948 --- [nio-8080-exec-5] c.e.s.m.P.findByProductId                : <==      Total: 3
2026-04-14T21:57:07.367+08:00 DEBUG 52948 --- [nio-8080-exec-6] c.e.shopping.mapper.ShopMapper.findById  : ==>  Preparing: SELECT id, name, folder, description, sort_order as sortOrder FROM shops WHERE id = ?
2026-04-14T21:57:07.367+08:00 DEBUG 52948 --- [nio-8080-exec-6] c.e.shopping.mapper.ShopMapper.findById  : ==> Parameters: 2(Long)
2026-04-14T21:57:07.367+08:00 DEBUG 52948 --- [nio-8080-exec-5] c.e.shopping.mapper.ShopMapper.findById  : ==>  Preparing: SELECT id, name, folder, description, sort_order as sortOrder FROM shops WHERE id = ?
2026-04-14T21:57:07.367+08:00 DEBUG 52948 --- [nio-8080-exec-5] c.e.shopping.mapper.ShopMapper.findById  : ==> Parameters: 1(Long)
2026-04-14T21:57:07.367+08:00 DEBUG 52948 --- [nio-8080-exec-6] c.e.shopping.mapper.ShopMapper.findById  : <==      Total: 1
2026-04-14T21:57:07.369+08:00 DEBUG 52948 --- [nio-8080-exec-5] c.e.shopping.mapper.ShopMapper.findById  : <==      Total: 1
2026-04-14T21:57:07.369+08:00 DEBUG 52948 --- [nio-8080-exec-6] c.e.s.m.ReviewMapper.findByProductId     : ==>  Preparing: SELECT r.*, u.username FROM reviews r LEFT JOIN users u ON r.user_id = u.id WHERE r.product_id = ? ORDER BY r.created_at DESC
2026-04-14T21:57:07.369+08:00 DEBUG 52948 --- [nio-8080-exec-5] c.e.s.m.ReviewMapper.findByProductId     : ==>  Preparing: SELECT r.*, u.username FROM reviews r LEFT JOIN users u ON r.user_id = u.id WHERE r.product_id = ? ORDER BY r.created_at DESC
2026-04-14T21:57:07.369+08:00 DEBUG 52948 --- [nio-8080-exec-6] c.e.s.m.ReviewMapper.findByProductId     : ==> Parameters: 27(Long)
2026-04-14T21:57:07.369+08:00 DEBUG 52948 --- [nio-8080-exec-5] c.e.s.m.ReviewMapper.findByProductId     : ==> Parameters: 1(Long)
2026-04-14T21:57:07.373+08:00 DEBUG 52948 --- [nio-8080-exec-6] c.e.s.m.ReviewMapper.findByProductId     : <==      Total: 0
2026-04-14T21:57:07.373+08:00 DEBUG 52948 --- [nio-8080-exec-5] c.e.s.m.ReviewMapper.findByProductId     : <==      Total: 0
2026-04-14T22:01:43.583+08:00 DEBUG 52948 --- [io-8080-exec-10] c.e.shopping.mapper.ShopMapper.findAll   : ==>  Preparing: SELECT id, name, folder, description, sort_order as sortOrder FROM shops ORDER BY sort_order, id
2026-04-14T22:01:43.584+08:00 DEBUG 52948 --- [io-8080-exec-10] c.e.shopping.mapper.ShopMapper.findAll   : ==> Parameters: 
2026-04-14T22:01:43.591+08:00 DEBUG 52948 --- [io-8080-exec-10] c.e.shopping.mapper.ShopMapper.findAll   : <==      Total: 41
2026-04-14T22:01:43.592+08:00 DEBUG 52948 --- [io-8080-exec-10] c.e.s.m.ProductMapper.countByCategory    : ==>  Preparing: SELECT COUNT(*) FROM products WHERE status = 1 AND category IN ('phone', 'computer') AND (merchant_id IS NULL OR merchant_id IN (SELECT id FROM shops))
2026-04-14T22:01:43.592+08:00 DEBUG 52948 --- [io-8080-exec-10] c.e.s.m.ProductMapper.countByCategory    : ==> Parameters: 
2026-04-14T22:01:43.594+08:00 DEBUG 52948 --- [io-8080-exec-10] c.e.s.m.ProductMapper.countByCategory    : <==      Total: 1
2026-04-14T22:01:43.595+08:00 DEBUG 52948 --- [io-8080-exec-10] c.e.s.mapper.ProductMapper.findByPage    : ==>  Preparing: SELECT * FROM products WHERE status = 1 AND category IN ('phone', 'computer') AND (merchant_id IS NULL OR merchant_id IN (SELECT id FROM shops)) ORDER BY id DESC LIMIT ?, ?
2026-04-14T22:01:43.596+08:00 DEBUG 52948 --- [io-8080-exec-10] c.e.s.mapper.ProductMapper.findByPage    : ==> Parameters: 0(Integer), 12(Integer)
2026-04-14T22:01:43.599+08:00 DEBUG 52948 --- [io-8080-exec-10] c.e.s.mapper.ProductMapper.findByPage    : <==      Total: 12
2026-04-14T22:01:43.600+08:00 DEBUG 52948 --- [io-8080-exec-10] c.e.s.m.P.findByProductId                : ==>  Preparing: SELECT id, product_id as productId, image_url as imageUrl, sort_order as sortOrder FROM product_images WHERE product_id = ? ORDER BY sort_order, id
2026-04-14T22:01:43.600+08:00 DEBUG 52948 --- [io-8080-exec-10] c.e.s.m.P.findByProductId                : ==> Parameters: 68(Long)
2026-04-14T22:01:43.602+08:00 DEBUG 52948 --- [io-8080-exec-10] c.e.s.m.P.findByProductId                : <==      Total: 1
2026-04-14T22:01:43.602+08:00 DEBUG 52948 --- [io-8080-exec-10] c.e.s.m.P.findByProductId                : ==>  Preparing: SELECT id, product_id as productId, image_url as imageUrl, sort_order as sortOrder FROM product_images WHERE product_id = ? ORDER BY sort_order, id
2026-04-14T22:01:43.603+08:00 DEBUG 52948 --- [io-8080-exec-10] c.e.s.m.P.findByProductId                : ==> Parameters: 67(Long)
2026-04-14T22:01:43.604+08:00 DEBUG 52948 --- [io-8080-exec-10] c.e.s.m.P.findByProductId                : <==      Total: 1
2026-04-14T22:01:43.604+08:00 DEBUG 52948 --- [io-8080-exec-10] c.e.s.m.P.findByProductId                : ==>  Preparing: SELECT id, product_id as productId, image_url as imageUrl, sort_order as sortOrder FROM product_images WHERE product_id = ? ORDER BY sort_order, id
2026-04-14T22:01:43.605+08:00 DEBUG 52948 --- [io-8080-exec-10] c.e.s.m.P.findByProductId                : ==> Parameters: 66(Long)
2026-04-14T22:01:43.605+08:00 DEBUG 52948 --- [io-8080-exec-10] c.e.s.m.P.findByProductId                : <==      Total: 1
2026-04-14T22:01:43.607+08:00 DEBUG 52948 --- [io-8080-exec-10] c.e.s.m.P.findByProductId                : ==>  Preparing: SELECT id, product_id as productId, image_url as imageUrl, sort_order as sortOrder FROM product_images WHERE product_id = ? ORDER BY sort_order, id
2026-04-14T22:01:43.607+08:00 DEBUG 52948 --- [io-8080-exec-10] c.e.s.m.P.findByProductId                : ==> Parameters: 65(Long)
2026-04-14T22:01:43.609+08:00 DEBUG 52948 --- [io-8080-exec-10] c.e.s.m.P.findByProductId                : <==      Total: 1
2026-04-14T22:01:43.609+08:00 DEBUG 52948 --- [io-8080-exec-10] c.e.s.m.P.findByProductId                : ==>  Preparing: SELECT id, product_id as productId, image_url as imageUrl, sort_order as sortOrder FROM product_images WHERE product_id = ? ORDER BY sort_order, id
2026-04-14T22:01:43.609+08:00 DEBUG 52948 --- [io-8080-exec-10] c.e.s.m.P.findByProductId                : ==> Parameters: 64(Long)
2026-04-14T22:01:43.611+08:00 DEBUG 52948 --- [io-8080-exec-10] c.e.s.m.P.findByProductId                : <==      Total: 1
2026-04-14T22:01:43.611+08:00 DEBUG 52948 --- [io-8080-exec-10] c.e.s.m.P.findByProductId                : ==>  Preparing: SELECT id, product_id as productId, image_url as imageUrl, sort_order as sortOrder FROM product_images WHERE product_id = ? ORDER BY sort_order, id
2026-04-14T22:01:43.612+08:00 DEBUG 52948 --- [io-8080-exec-10] c.e.s.m.P.findByProductId                : ==> Parameters: 63(Long)
2026-04-14T22:01:43.612+08:00 DEBUG 52948 --- [io-8080-exec-10] c.e.s.m.P.findByProductId                : <==      Total: 1
2026-04-14T22:01:43.613+08:00 DEBUG 52948 --- [io-8080-exec-10] c.e.s.m.P.findByProductId                : ==>  Preparing: SELECT id, product_id as productId, image_url as imageUrl, sort_order as sortOrder FROM product_images WHERE product_id = ? ORDER BY sort_order, id
2026-04-14T22:01:43.614+08:00 DEBUG 52948 --- [io-8080-exec-10] c.e.s.m.P.findByProductId                : ==> Parameters: 62(Long)
2026-04-14T22:01:43.615+08:00 DEBUG 52948 --- [io-8080-exec-10] c.e.s.m.P.findByProductId                : <==      Total: 1
2026-04-14T22:01:43.616+08:00 DEBUG 52948 --- [io-8080-exec-10] c.e.s.m.P.findByProductId                : ==>  Preparing: SELECT id, product_id as productId, image_url as imageUrl, sort_order as sortOrder FROM product_images WHERE product_id = ? ORDER BY sort_order, id
2026-04-14T22:01:43.616+08:00 DEBUG 52948 --- [io-8080-exec-10] c.e.s.m.P.findByProductId                : ==> Parameters: 61(Long)
2026-04-14T22:01:43.618+08:00 DEBUG 52948 --- [io-8080-exec-10] c.e.s.m.P.findByProductId                : <==      Total: 1
2026-04-14T22:01:43.618+08:00 DEBUG 52948 --- [io-8080-exec-10] c.e.s.m.P.findByProductId                : ==>  Preparing: SELECT id, product_id as productId, image_url as imageUrl, sort_order as sortOrder FROM product_images WHERE product_id = ? ORDER BY sort_order, id
2026-04-14T22:01:43.619+08:00 DEBUG 52948 --- [io-8080-exec-10] c.e.s.m.P.findByProductId                : ==> Parameters: 60(Long)
2026-04-14T22:01:43.621+08:00 DEBUG 52948 --- [io-8080-exec-10] c.e.s.m.P.findByProductId                : <==      Total: 1
2026-04-14T22:01:43.623+08:00 DEBUG 52948 --- [io-8080-exec-10] c.e.s.m.P.findByProductId                : ==>  Preparing: SELECT id, product_id as productId, image_url as imageUrl, sort_order as sortOrder FROM product_images WHERE product_id = ? ORDER BY sort_order, id
2026-04-14T22:01:43.623+08:00 DEBUG 52948 --- [io-8080-exec-10] c.e.s.m.P.findByProductId                : ==> Parameters: 59(Long)
2026-04-14T22:01:43.624+08:00 DEBUG 52948 --- [io-8080-exec-10] c.e.s.m.P.findByProductId                : <==      Total: 1
2026-04-14T22:01:43.626+08:00 DEBUG 52948 --- [io-8080-exec-10] c.e.s.m.P.findByProductId                : ==>  Preparing: SELECT id, product_id as productId, image_url as imageUrl, sort_order as sortOrder FROM product_images WHERE product_id = ? ORDER BY sort_order, id
2026-04-14T22:01:43.626+08:00 DEBUG 52948 --- [io-8080-exec-10] c.e.s.m.P.findByProductId                : ==> Parameters: 58(Long)
2026-04-14T22:01:43.628+08:00 DEBUG 52948 --- [io-8080-exec-10] c.e.s.m.P.findByProductId                : <==      Total: 1
2026-04-14T22:01:43.630+08:00 DEBUG 52948 --- [io-8080-exec-10] c.e.s.m.P.findByProductId                : ==>  Preparing: SELECT id, product_id as productId, image_url as imageUrl, sort_order as sortOrder FROM product_images WHERE product_id = ? ORDER BY sort_order, id
2026-04-14T22:01:43.631+08:00 DEBUG 52948 --- [io-8080-exec-10] c.e.s.m.P.findByProductId                : ==> Parameters: 57(Long)
2026-04-14T22:01:43.632+08:00 DEBUG 52948 --- [io-8080-exec-10] c.e.s.m.P.findByProductId                : <==      Total: 1
2026-04-14T22:01:47.805+08:00 DEBUG 52948 --- [nio-8080-exec-4] c.e.shopping.mapper.ShopMapper.findAll   : ==>  Preparing: SELECT id, name, folder, description, sort_order as sortOrder FROM shops ORDER BY sort_order, id
2026-04-14T22:01:47.805+08:00 DEBUG 52948 --- [nio-8080-exec-4] c.e.shopping.mapper.ShopMapper.findAll   : ==> Parameters: 
2026-04-14T22:01:47.814+08:00 DEBUG 52948 --- [nio-8080-exec-4] c.e.shopping.mapper.ShopMapper.findAll   : <==      Total: 41
2026-04-14T22:01:47.818+08:00 DEBUG 52948 --- [nio-8080-exec-4] c.e.s.m.ProductMapper.countByCategory    : ==>  Preparing: SELECT COUNT(*) FROM products WHERE status = 1 AND ( category IN ('appliance', 'appliances') OR image_url LIKE '/image/appliances/%' ) AND (merchant_id IS NULL OR merchant_id IN (SELECT id FROM shops))
2026-04-14T22:01:47.819+08:00 DEBUG 52948 --- [nio-8080-exec-4] c.e.s.m.ProductMapper.countByCategory    : ==> Parameters: 
2026-04-14T22:01:47.819+08:00 DEBUG 52948 --- [nio-8080-exec-4] c.e.s.m.ProductMapper.countByCategory    : <==      Total: 1
2026-04-14T22:01:47.821+08:00 DEBUG 52948 --- [nio-8080-exec-4] c.e.s.mapper.ProductMapper.findByPage    : ==>  Preparing: SELECT * FROM products WHERE status = 1 AND ( category IN ('appliance', 'appliances') OR image_url LIKE '/image/appliances/%' ) AND (merchant_id IS NULL OR merchant_id IN (SELECT id FROM shops)) ORDER BY id DESC LIMIT ?, ?
2026-04-14T22:01:47.821+08:00 DEBUG 52948 --- [nio-8080-exec-4] c.e.s.mapper.ProductMapper.findByPage    : ==> Parameters: 0(Integer), 12(Integer)
2026-04-14T22:01:47.828+08:00 DEBUG 52948 --- [nio-8080-exec-4] c.e.s.mapper.ProductMapper.findByPage    : <==      Total: 12
2026-04-14T22:01:47.828+08:00 DEBUG 52948 --- [nio-8080-exec-4] c.e.s.m.P.findByProductId                : ==>  Preparing: SELECT id, product_id as productId, image_url as imageUrl, sort_order as sortOrder FROM product_images WHERE product_id = ? ORDER BY sort_order, id
2026-04-14T22:01:47.828+08:00 DEBUG 52948 --- [nio-8080-exec-4] c.e.s.m.P.findByProductId                : ==> Parameters: 82(Long)
2026-04-14T22:01:47.831+08:00 DEBUG 52948 --- [nio-8080-exec-4] c.e.s.m.P.findByProductId                : <==      Total: 1
2026-04-14T22:01:47.831+08:00 DEBUG 52948 --- [nio-8080-exec-4] c.e.s.m.P.findByProductId                : ==>  Preparing: SELECT id, product_id as productId, image_url as imageUrl, sort_order as sortOrder FROM product_images WHERE product_id = ? ORDER BY sort_order, id
2026-04-14T22:01:47.832+08:00 DEBUG 52948 --- [nio-8080-exec-4] c.e.s.m.P.findByProductId                : ==> Parameters: 81(Long)
2026-04-14T22:01:47.834+08:00 DEBUG 52948 --- [nio-8080-exec-4] c.e.s.m.P.findByProductId                : <==      Total: 1
2026-04-14T22:01:47.834+08:00 DEBUG 52948 --- [nio-8080-exec-4] c.e.s.m.P.findByProductId                : ==>  Preparing: SELECT id, product_id as productId, image_url as imageUrl, sort_order as sortOrder FROM product_images WHERE product_id = ? ORDER BY sort_order, id
2026-04-14T22:01:47.834+08:00 DEBUG 52948 --- [nio-8080-exec-4] c.e.s.m.P.findByProductId                : ==> Parameters: 80(Long)
2026-04-14T22:01:47.836+08:00 DEBUG 52948 --- [nio-8080-exec-4] c.e.s.m.P.findByProductId                : <==      Total: 1
2026-04-14T22:01:47.837+08:00 DEBUG 52948 --- [nio-8080-exec-4] c.e.s.m.P.findByProductId                : ==>  Preparing: SELECT id, product_id as productId, image_url as imageUrl, sort_order as sortOrder FROM product_images WHERE product_id = ? ORDER BY sort_order, id
2026-04-14T22:01:47.838+08:00 DEBUG 52948 --- [nio-8080-exec-4] c.e.s.m.P.findByProductId                : ==> Parameters: 79(Long)
2026-04-14T22:01:47.839+08:00 DEBUG 52948 --- [nio-8080-exec-4] c.e.s.m.P.findByProductId                : <==      Total: 1
2026-04-14T22:01:47.841+08:00 DEBUG 52948 --- [nio-8080-exec-4] c.e.s.m.P.findByProductId                : ==>  Preparing: SELECT id, product_id as productId, image_url as imageUrl, sort_order as sortOrder FROM product_images WHERE product_id = ? ORDER BY sort_order, id
2026-04-14T22:01:47.841+08:00 DEBUG 52948 --- [nio-8080-exec-4] c.e.s.m.P.findByProductId                : ==> Parameters: 78(Long)
2026-04-14T22:01:47.842+08:00 DEBUG 52948 --- [nio-8080-exec-4] c.e.s.m.P.findByProductId                : <==      Total: 1
2026-04-14T22:01:47.844+08:00 DEBUG 52948 --- [nio-8080-exec-4] c.e.s.m.P.findByProductId                : ==>  Preparing: SELECT id, product_id as productId, image_url as imageUrl, sort_order as sortOrder FROM product_images WHERE product_id = ? ORDER BY sort_order, id
2026-04-14T22:01:47.844+08:00 DEBUG 52948 --- [nio-8080-exec-4] c.e.s.m.P.findByProductId                : ==> Parameters: 77(Long)
2026-04-14T22:01:47.846+08:00 DEBUG 52948 --- [nio-8080-exec-4] c.e.s.m.P.findByProductId                : <==      Total: 1
2026-04-14T22:01:47.846+08:00 DEBUG 52948 --- [nio-8080-exec-4] c.e.s.m.P.findByProductId                : ==>  Preparing: SELECT id, product_id as productId, image_url as imageUrl, sort_order as sortOrder FROM product_images WHERE product_id = ? ORDER BY sort_order, id
2026-04-14T22:01:47.847+08:00 DEBUG 52948 --- [nio-8080-exec-4] c.e.s.m.P.findByProductId                : ==> Parameters: 76(Long)
2026-04-14T22:01:47.848+08:00 DEBUG 52948 --- [nio-8080-exec-4] c.e.s.m.P.findByProductId                : <==      Total: 1
2026-04-14T22:01:47.849+08:00 DEBUG 52948 --- [nio-8080-exec-4] c.e.s.m.P.findByProductId                : ==>  Preparing: SELECT id, product_id as productId, image_url as imageUrl, sort_order as sortOrder FROM product_images WHERE product_id = ? ORDER BY sort_order, id
2026-04-14T22:01:47.849+08:00 DEBUG 52948 --- [nio-8080-exec-4] c.e.s.m.P.findByProductId                : ==> Parameters: 75(Long)
2026-04-14T22:01:47.851+08:00 DEBUG 52948 --- [nio-8080-exec-4] c.e.s.m.P.findByProductId                : <==      Total: 1
2026-04-14T22:01:47.851+08:00 DEBUG 52948 --- [nio-8080-exec-4] c.e.s.m.P.findByProductId                : ==>  Preparing: SELECT id, product_id as productId, image_url as imageUrl, sort_order as sortOrder FROM product_images WHERE product_id = ? ORDER BY sort_order, id
2026-04-14T22:01:47.853+08:00 DEBUG 52948 --- [nio-8080-exec-4] c.e.s.m.P.findByProductId                : ==> Parameters: 74(Long)
2026-04-14T22:01:47.854+08:00 DEBUG 52948 --- [nio-8080-exec-4] c.e.s.m.P.findByProductId                : <==      Total: 1
2026-04-14T22:01:47.854+08:00 DEBUG 52948 --- [nio-8080-exec-4] c.e.s.m.P.findByProductId                : ==>  Preparing: SELECT id, product_id as productId, image_url as imageUrl, sort_order as sortOrder FROM product_images WHERE product_id = ? ORDER BY sort_order, id
2026-04-14T22:01:47.854+08:00 DEBUG 52948 --- [nio-8080-exec-4] c.e.s.m.P.findByProductId                : ==> Parameters: 73(Long)
2026-04-14T22:01:47.857+08:00 DEBUG 52948 --- [nio-8080-exec-4] c.e.s.m.P.findByProductId                : <==      Total: 1
2026-04-14T22:01:47.858+08:00 DEBUG 52948 --- [nio-8080-exec-4] c.e.s.m.P.findByProductId                : ==>  Preparing: SELECT id, product_id as productId, image_url as imageUrl, sort_order as sortOrder FROM product_images WHERE product_id = ? ORDER BY sort_order, id
2026-04-14T22:01:47.858+08:00 DEBUG 52948 --- [nio-8080-exec-4] c.e.s.m.P.findByProductId                : ==> Parameters: 72(Long)
2026-04-14T22:01:47.860+08:00 DEBUG 52948 --- [nio-8080-exec-4] c.e.s.m.P.findByProductId                : <==      Total: 1
2026-04-14T22:01:47.860+08:00 DEBUG 52948 --- [nio-8080-exec-4] c.e.s.m.P.findByProductId                : ==>  Preparing: SELECT id, product_id as productId, image_url as imageUrl, sort_order as sortOrder FROM product_images WHERE product_id = ? ORDER BY sort_order, id
2026-04-14T22:01:47.861+08:00 DEBUG 52948 --- [nio-8080-exec-4] c.e.s.m.P.findByProductId                : ==> Parameters: 71(Long)
2026-04-14T22:01:47.863+08:00 DEBUG 52948 --- [nio-8080-exec-4] c.e.s.m.P.findByProductId                : <==      Total: 1
2026-04-14T22:01:48.774+08:00 DEBUG 52948 --- [nio-8080-exec-7] c.e.shopping.mapper.ShopMapper.findAll   : ==>  Preparing: SELECT id, name, folder, description, sort_order as sortOrder FROM shops ORDER BY sort_order, id
2026-04-14T22:01:48.776+08:00 DEBUG 52948 --- [nio-8080-exec-7] c.e.shopping.mapper.ShopMapper.findAll   : ==> Parameters: 
2026-04-14T22:01:48.779+08:00 DEBUG 52948 --- [nio-8080-exec-7] c.e.shopping.mapper.ShopMapper.findAll   : <==      Total: 41
2026-04-14T22:01:48.781+08:00 DEBUG 52948 --- [nio-8080-exec-7] c.e.s.m.ProductMapper.countByCategory    : ==>  Preparing: SELECT COUNT(*) FROM products WHERE status = 1 AND ( category IN ('sports', 'sport', 'sports-outdoor', 'outdoor') OR image_url LIKE '/image/sports/%' OR merchant_id IN (SELECT id FROM shops WHERE folder LIKE 'sports%') ) AND (merchant_id IS NULL OR merchant_id IN (SELECT id FROM shops))
2026-04-14T22:01:48.781+08:00 DEBUG 52948 --- [nio-8080-exec-7] c.e.s.m.ProductMapper.countByCategory    : ==> Parameters: 
2026-04-14T22:01:48.784+08:00 DEBUG 52948 --- [nio-8080-exec-7] c.e.s.m.ProductMapper.countByCategory    : <==      Total: 1
2026-04-14T22:01:48.784+08:00 DEBUG 52948 --- [nio-8080-exec-7] c.e.s.mapper.ProductMapper.findByPage    : ==>  Preparing: SELECT * FROM products WHERE status = 1 AND ( category IN ('sports', 'sport', 'sports-outdoor', 'outdoor') OR image_url LIKE '/image/sports/%' OR merchant_id IN (SELECT id FROM shops WHERE folder LIKE 'sports%') ) AND (merchant_id IS NULL OR merchant_id IN (SELECT id FROM shops)) ORDER BY id DESC LIMIT ?, ?
2026-04-14T22:01:48.786+08:00 DEBUG 52948 --- [nio-8080-exec-7] c.e.s.mapper.ProductMapper.findByPage    : ==> Parameters: 0(Integer), 12(Integer)
2026-04-14T22:01:48.788+08:00 DEBUG 52948 --- [nio-8080-exec-7] c.e.s.mapper.ProductMapper.findByPage    : <==      Total: 6
2026-04-14T22:01:48.789+08:00 DEBUG 52948 --- [nio-8080-exec-7] c.e.s.m.P.findByProductId                : ==>  Preparing: SELECT id, product_id as productId, image_url as imageUrl, sort_order as sortOrder FROM product_images WHERE product_id = ? ORDER BY sort_order, id
2026-04-14T22:01:48.789+08:00 DEBUG 52948 --- [nio-8080-exec-7] c.e.s.m.P.findByProductId                : ==> Parameters: 141(Long)
2026-04-14T22:01:48.791+08:00 DEBUG 52948 --- [nio-8080-exec-7] c.e.s.m.P.findByProductId                : <==      Total: 1
2026-04-14T22:01:48.791+08:00 DEBUG 52948 --- [nio-8080-exec-7] c.e.s.m.P.findByProductId                : ==>  Preparing: SELECT id, product_id as productId, image_url as imageUrl, sort_order as sortOrder FROM product_images WHERE product_id = ? ORDER BY sort_order, id
2026-04-14T22:01:48.807+08:00 DEBUG 52948 --- [nio-8080-exec-7] c.e.s.m.P.findByProductId                : ==> Parameters: 140(Long)
2026-04-14T22:01:48.809+08:00 DEBUG 52948 --- [nio-8080-exec-7] c.e.s.m.P.findByProductId                : <==      Total: 1
2026-04-14T22:01:48.809+08:00 DEBUG 52948 --- [nio-8080-exec-7] c.e.s.m.P.findByProductId                : ==>  Preparing: SELECT id, product_id as productId, image_url as imageUrl, sort_order as sortOrder FROM product_images WHERE product_id = ? ORDER BY sort_order, id
2026-04-14T22:01:48.811+08:00 DEBUG 52948 --- [nio-8080-exec-7] c.e.s.m.P.findByProductId                : ==> Parameters: 139(Long)
2026-04-14T22:01:48.813+08:00 DEBUG 52948 --- [nio-8080-exec-7] c.e.s.m.P.findByProductId                : <==      Total: 1
2026-04-14T22:01:48.813+08:00 DEBUG 52948 --- [nio-8080-exec-7] c.e.s.m.P.findByProductId                : ==>  Preparing: SELECT id, product_id as productId, image_url as imageUrl, sort_order as sortOrder FROM product_images WHERE product_id = ? ORDER BY sort_order, id
2026-04-14T22:01:48.813+08:00 DEBUG 52948 --- [nio-8080-exec-7] c.e.s.m.P.findByProductId                : ==> Parameters: 138(Long)
2026-04-14T22:01:48.815+08:00 DEBUG 52948 --- [nio-8080-exec-7] c.e.s.m.P.findByProductId                : <==      Total: 1
2026-04-14T22:01:48.816+08:00 DEBUG 52948 --- [nio-8080-exec-7] c.e.s.m.P.findByProductId                : ==>  Preparing: SELECT id, product_id as productId, image_url as imageUrl, sort_order as sortOrder FROM product_images WHERE product_id = ? ORDER BY sort_order, id
2026-04-14T22:01:48.816+08:00 DEBUG 52948 --- [nio-8080-exec-7] c.e.s.m.P.findByProductId                : ==> Parameters: 137(Long)
2026-04-14T22:01:48.817+08:00 DEBUG 52948 --- [nio-8080-exec-7] c.e.s.m.P.findByProductId                : <==      Total: 1
2026-04-14T22:01:48.819+08:00 DEBUG 52948 --- [nio-8080-exec-7] c.e.s.m.P.findByProductId                : ==>  Preparing: SELECT id, product_id as productId, image_url as imageUrl, sort_order as sortOrder FROM product_images WHERE product_id = ? ORDER BY sort_order, id
2026-04-14T22:01:48.819+08:00 DEBUG 52948 --- [nio-8080-exec-7] c.e.s.m.P.findByProductId                : ==> Parameters: 136(Long)
2026-04-14T22:01:48.821+08:00 DEBUG 52948 --- [nio-8080-exec-7] c.e.s.m.P.findByProductId                : <==      Total: 1
2026-04-14T22:01:50.076+08:00 DEBUG 52948 --- [nio-8080-exec-8] c.e.shopping.mapper.ShopMapper.findAll   : ==>  Preparing: SELECT id, name, folder, description, sort_order as sortOrder FROM shops ORDER BY sort_order, id
2026-04-14T22:01:50.076+08:00 DEBUG 52948 --- [nio-8080-exec-8] c.e.shopping.mapper.ShopMapper.findAll   : ==> Parameters: 
2026-04-14T22:01:50.080+08:00 DEBUG 52948 --- [nio-8080-exec-8] c.e.shopping.mapper.ShopMapper.findAll   : <==      Total: 41
2026-04-14T22:01:50.082+08:00 DEBUG 52948 --- [nio-8080-exec-8] c.e.s.m.ProductMapper.countByCategory    : ==>  Preparing: SELECT COUNT(*) FROM products WHERE status = 1 AND category = ? AND (merchant_id IS NULL OR merchant_id IN (SELECT id FROM shops))
2026-04-14T22:01:50.085+08:00 DEBUG 52948 --- [nio-8080-exec-8] c.e.s.m.ProductMapper.countByCategory    : ==> Parameters: phone(String)
2026-04-14T22:01:50.088+08:00 DEBUG 52948 --- [nio-8080-exec-8] c.e.s.m.ProductMapper.countByCategory    : <==      Total: 1
2026-04-14T22:01:50.088+08:00 DEBUG 52948 --- [nio-8080-exec-8] c.e.s.mapper.ProductMapper.findByPage    : ==>  Preparing: SELECT * FROM products WHERE status = 1 AND category = ? AND (merchant_id IS NULL OR merchant_id IN (SELECT id FROM shops)) ORDER BY id DESC LIMIT ?, ?
2026-04-14T22:01:50.088+08:00 DEBUG 52948 --- [nio-8080-exec-8] c.e.s.mapper.ProductMapper.findByPage    : ==> Parameters: phone(String), 0(Integer), 12(Integer)
2026-04-14T22:01:50.093+08:00 DEBUG 52948 --- [nio-8080-exec-8] c.e.s.mapper.ProductMapper.findByPage    : <==      Total: 12
2026-04-14T22:01:50.094+08:00 DEBUG 52948 --- [nio-8080-exec-8] c.e.s.m.P.findByProductId                : ==>  Preparing: SELECT id, product_id as productId, image_url as imageUrl, sort_order as sortOrder FROM product_images WHERE product_id = ? ORDER BY sort_order, id
2026-04-14T22:01:50.095+08:00 DEBUG 52948 --- [nio-8080-exec-8] c.e.s.m.P.findByProductId                : ==> Parameters: 26(Long)
2026-04-14T22:01:50.096+08:00 DEBUG 52948 --- [nio-8080-exec-8] c.e.s.m.P.findByProductId                : <==      Total: 3
2026-04-14T22:01:50.096+08:00 DEBUG 52948 --- [nio-8080-exec-8] c.e.s.m.P.findByProductId                : ==>  Preparing: SELECT id, product_id as productId, image_url as imageUrl, sort_order as sortOrder FROM product_images WHERE product_id = ? ORDER BY sort_order, id
2026-04-14T22:01:50.096+08:00 DEBUG 52948 --- [nio-8080-exec-8] c.e.s.m.P.findByProductId                : ==> Parameters: 25(Long)
2026-04-14T22:01:50.098+08:00 DEBUG 52948 --- [nio-8080-exec-8] c.e.s.m.P.findByProductId                : <==      Total: 3
2026-04-14T22:01:50.098+08:00 DEBUG 52948 --- [nio-8080-exec-8] c.e.s.m.P.findByProductId                : ==>  Preparing: SELECT id, product_id as productId, image_url as imageUrl, sort_order as sortOrder FROM product_images WHERE product_id = ? ORDER BY sort_order, id
2026-04-14T22:01:50.100+08:00 DEBUG 52948 --- [nio-8080-exec-8] c.e.s.m.P.findByProductId                : ==> Parameters: 24(Long)
2026-04-14T22:01:50.100+08:00 DEBUG 52948 --- [nio-8080-exec-8] c.e.s.m.P.findByProductId                : <==      Total: 2
2026-04-14T22:01:50.101+08:00 DEBUG 52948 --- [nio-8080-exec-8] c.e.s.m.P.findByProductId                : ==>  Preparing: SELECT id, product_id as productId, image_url as imageUrl, sort_order as sortOrder FROM product_images WHERE product_id = ? ORDER BY sort_order, id
2026-04-14T22:01:50.101+08:00 DEBUG 52948 --- [nio-8080-exec-8] c.e.s.m.P.findByProductId                : ==> Parameters: 23(Long)
2026-04-14T22:01:50.103+08:00 DEBUG 52948 --- [nio-8080-exec-8] c.e.s.m.P.findByProductId                : <==      Total: 3
2026-04-14T22:01:50.105+08:00 DEBUG 52948 --- [nio-8080-exec-8] c.e.s.m.P.findByProductId                : ==>  Preparing: SELECT id, product_id as productId, image_url as imageUrl, sort_order as sortOrder FROM product_images WHERE product_id = ? ORDER BY sort_order, id
2026-04-14T22:01:50.105+08:00 DEBUG 52948 --- [nio-8080-exec-8] c.e.s.m.P.findByProductId                : ==> Parameters: 22(Long)
2026-04-14T22:01:50.106+08:00 DEBUG 52948 --- [nio-8080-exec-8] c.e.s.m.P.findByProductId                : <==      Total: 2
2026-04-14T22:01:50.106+08:00 DEBUG 52948 --- [nio-8080-exec-8] c.e.s.m.P.findByProductId                : ==>  Preparing: SELECT id, product_id as productId, image_url as imageUrl, sort_order as sortOrder FROM product_images WHERE product_id = ? ORDER BY sort_order, id
2026-04-14T22:01:50.106+08:00 DEBUG 52948 --- [nio-8080-exec-8] c.e.s.m.P.findByProductId                : ==> Parameters: 21(Long)
2026-04-14T22:01:50.108+08:00 DEBUG 52948 --- [nio-8080-exec-8] c.e.s.m.P.findByProductId                : <==      Total: 3
2026-04-14T22:01:50.110+08:00 DEBUG 52948 --- [nio-8080-exec-8] c.e.s.m.P.findByProductId                : ==>  Preparing: SELECT id, product_id as productId, image_url as imageUrl, sort_order as sortOrder FROM product_images WHERE product_id = ? ORDER BY sort_order, id
2026-04-14T22:01:50.110+08:00 DEBUG 52948 --- [nio-8080-exec-8] c.e.s.m.P.findByProductId                : ==> Parameters: 20(Long)
2026-04-14T22:01:50.111+08:00 DEBUG 52948 --- [nio-8080-exec-8] c.e.s.m.P.findByProductId                : <==      Total: 2
2026-04-14T22:01:50.111+08:00 DEBUG 52948 --- [nio-8080-exec-8] c.e.s.m.P.findByProductId                : ==>  Preparing: SELECT id, product_id as productId, image_url as imageUrl, sort_order as sortOrder FROM product_images WHERE product_id = ? ORDER BY sort_order, id
2026-04-14T22:01:50.112+08:00 DEBUG 52948 --- [nio-8080-exec-8] c.e.s.m.P.findByProductId                : ==> Parameters: 19(Long)
2026-04-14T22:01:50.114+08:00 DEBUG 52948 --- [nio-8080-exec-8] c.e.s.m.P.findByProductId                : <==      Total: 3
2026-04-14T22:01:50.114+08:00 DEBUG 52948 --- [nio-8080-exec-8] c.e.s.m.P.findByProductId                : ==>  Preparing: SELECT id, product_id as productId, image_url as imageUrl, sort_order as sortOrder FROM product_images WHERE product_id = ? ORDER BY sort_order, id
2026-04-14T22:01:50.114+08:00 DEBUG 52948 --- [nio-8080-exec-8] c.e.s.m.P.findByProductId                : ==> Parameters: 18(Long)
2026-04-14T22:01:50.116+08:00 DEBUG 52948 --- [nio-8080-exec-8] c.e.s.m.P.findByProductId                : <==      Total: 2
2026-04-14T22:01:50.117+08:00 DEBUG 52948 --- [nio-8080-exec-8] c.e.s.m.P.findByProductId                : ==>  Preparing: SELECT id, product_id as productId, image_url as imageUrl, sort_order as sortOrder FROM product_images WHERE product_id = ? ORDER BY sort_order, id
2026-04-14T22:01:50.117+08:00 DEBUG 52948 --- [nio-8080-exec-8] c.e.s.m.P.findByProductId                : ==> Parameters: 17(Long)
2026-04-14T22:01:50.118+08:00 DEBUG 52948 --- [nio-8080-exec-8] c.e.s.m.P.findByProductId                : <==      Total: 3
2026-04-14T22:01:50.118+08:00 DEBUG 52948 --- [nio-8080-exec-8] c.e.s.m.P.findByProductId                : ==>  Preparing: SELECT id, product_id as productId, image_url as imageUrl, sort_order as sortOrder FROM product_images WHERE product_id = ? ORDER BY sort_order, id
2026-04-14T22:01:50.119+08:00 DEBUG 52948 --- [nio-8080-exec-8] c.e.s.m.P.findByProductId                : ==> Parameters: 16(Long)
2026-04-14T22:01:50.119+08:00 DEBUG 52948 --- [nio-8080-exec-8] c.e.s.m.P.findByProductId                : <==      Total: 2
2026-04-14T22:01:50.121+08:00 DEBUG 52948 --- [nio-8080-exec-8] c.e.s.m.P.findByProductId                : ==>  Preparing: SELECT id, product_id as productId, image_url as imageUrl, sort_order as sortOrder FROM product_images WHERE product_id = ? ORDER BY sort_order, id
2026-04-14T22:01:50.121+08:00 DEBUG 52948 --- [nio-8080-exec-8] c.e.s.m.P.findByProductId                : ==> Parameters: 15(Long)
2026-04-14T22:01:50.122+08:00 DEBUG 52948 --- [nio-8080-exec-8] c.e.s.m.P.findByProductId                : <==      Total: 2
2026-04-14T22:01:51.440+08:00 DEBUG 52948 --- [nio-8080-exec-6] c.e.s.mapper.ProductMapper.findById      : ==>  Preparing: SELECT * FROM products WHERE id = ?
2026-04-14T22:01:51.440+08:00 DEBUG 52948 --- [nio-8080-exec-6] c.e.s.mapper.ProductMapper.findById      : ==> Parameters: 26(Long)
2026-04-14T22:01:51.442+08:00 DEBUG 52948 --- [nio-8080-exec-6] c.e.s.mapper.ProductMapper.findById      : <==      Total: 1
2026-04-14T22:01:51.442+08:00 DEBUG 52948 --- [nio-8080-exec-6] c.e.s.m.P.findByProductId                : ==>  Preparing: SELECT id, product_id as productId, image_url as imageUrl, sort_order as sortOrder FROM product_images WHERE product_id = ? ORDER BY sort_order, id
2026-04-14T22:01:51.443+08:00 DEBUG 52948 --- [nio-8080-exec-6] c.e.s.m.P.findByProductId                : ==> Parameters: 26(Long)
2026-04-14T22:01:51.445+08:00 DEBUG 52948 --- [nio-8080-exec-6] c.e.s.m.P.findByProductId                : <==      Total: 3
2026-04-14T22:01:51.445+08:00 DEBUG 52948 --- [nio-8080-exec-6] c.e.shopping.mapper.ShopMapper.findById  : ==>  Preparing: SELECT id, name, folder, description, sort_order as sortOrder FROM shops WHERE id = ?
2026-04-14T22:01:51.445+08:00 DEBUG 52948 --- [nio-8080-exec-6] c.e.shopping.mapper.ShopMapper.findById  : ==> Parameters: 9(Long)
2026-04-14T22:01:51.447+08:00 DEBUG 52948 --- [nio-8080-exec-6] c.e.shopping.mapper.ShopMapper.findById  : <==      Total: 1
2026-04-14T22:01:51.448+08:00 DEBUG 52948 --- [nio-8080-exec-6] c.e.s.m.ReviewMapper.findByProductId     : ==>  Preparing: SELECT r.*, u.username FROM reviews r LEFT JOIN users u ON r.user_id = u.id WHERE r.product_id = ? ORDER BY r.created_at DESC
2026-04-14T22:01:51.448+08:00 DEBUG 52948 --- [nio-8080-exec-6] c.e.s.m.ReviewMapper.findByProductId     : ==> Parameters: 26(Long)
2026-04-14T22:01:51.450+08:00 DEBUG 52948 --- [nio-8080-exec-6] c.e.s.m.ReviewMapper.findByProductId     : <==      Total: 0
2026-04-14T22:07:25.387+08:00 DEBUG 52948 --- [nio-8080-exec-6] c.e.shopping.mapper.ShopMapper.findAll   : ==>  Preparing: SELECT id, name, folder, description, sort_order as sortOrder FROM shops ORDER BY sort_order, id
2026-04-14T22:07:25.387+08:00 DEBUG 52948 --- [nio-8080-exec-6] c.e.shopping.mapper.ShopMapper.findAll   : ==> Parameters: 
2026-04-14T22:07:25.389+08:00 DEBUG 52948 --- [nio-8080-exec-6] c.e.shopping.mapper.ShopMapper.findAll   : <==      Total: 41
2026-04-14T22:07:25.390+08:00 DEBUG 52948 --- [nio-8080-exec-6] c.e.s.m.ProductMapper.countByCategory    : ==>  Preparing: SELECT COUNT(*) FROM products WHERE status = 1 AND ( category IN ('sports', 'sport', 'sports-outdoor', 'outdoor') OR image_url LIKE '/image/sports/%' OR merchant_id IN (SELECT id FROM shops WHERE folder LIKE 'sports%') ) AND (merchant_id IS NULL OR merchant_id IN (SELECT id FROM shops))
2026-04-14T22:07:25.391+08:00 DEBUG 52948 --- [nio-8080-exec-6] c.e.s.m.ProductMapper.countByCategory    : ==> Parameters: 
2026-04-14T22:07:25.393+08:00 DEBUG 52948 --- [nio-8080-exec-6] c.e.s.m.ProductMapper.countByCategory    : <==      Total: 1
2026-04-14T22:07:25.394+08:00 DEBUG 52948 --- [nio-8080-exec-6] c.e.s.mapper.ProductMapper.findByPage    : ==>  Preparing: SELECT * FROM products WHERE status = 1 AND ( category IN ('sports', 'sport', 'sports-outdoor', 'outdoor') OR image_url LIKE '/image/sports/%' OR merchant_id IN (SELECT id FROM shops WHERE folder LIKE 'sports%') ) AND (merchant_id IS NULL OR merchant_id IN (SELECT id FROM shops)) ORDER BY id DESC LIMIT ?, ?
2026-04-14T22:07:25.394+08:00 DEBUG 52948 --- [nio-8080-exec-6] c.e.s.mapper.ProductMapper.findByPage    : ==> Parameters: 0(Integer), 12(Integer)
2026-04-14T22:07:25.398+08:00 DEBUG 52948 --- [nio-8080-exec-6] c.e.s.mapper.ProductMapper.findByPage    : <==      Total: 6
2026-04-14T22:07:25.399+08:00 DEBUG 52948 --- [nio-8080-exec-6] c.e.s.m.P.findByProductId                : ==>  Preparing: SELECT id, product_id as productId, image_url as imageUrl, sort_order as sortOrder FROM product_images WHERE product_id = ? ORDER BY sort_order, id
2026-04-14T22:07:25.399+08:00 DEBUG 52948 --- [nio-8080-exec-6] c.e.s.m.P.findByProductId                : ==> Parameters: 141(Long)
2026-04-14T22:07:25.400+08:00 DEBUG 52948 --- [nio-8080-exec-6] c.e.s.m.P.findByProductId                : <==      Total: 1
2026-04-14T22:07:25.401+08:00 DEBUG 52948 --- [nio-8080-exec-6] c.e.s.m.P.findByProductId                : ==>  Preparing: SELECT id, product_id as productId, image_url as imageUrl, sort_order as sortOrder FROM product_images WHERE product_id = ? ORDER BY sort_order, id
2026-04-14T22:07:25.401+08:00 DEBUG 52948 --- [nio-8080-exec-6] c.e.s.m.P.findByProductId                : ==> Parameters: 140(Long)
2026-04-14T22:07:25.402+08:00 DEBUG 52948 --- [nio-8080-exec-6] c.e.s.m.P.findByProductId                : <==      Total: 1
2026-04-14T22:07:25.402+08:00 DEBUG 52948 --- [nio-8080-exec-6] c.e.s.m.P.findByProductId                : ==>  Preparing: SELECT id, product_id as productId, image_url as imageUrl, sort_order as sortOrder FROM product_images WHERE product_id = ? ORDER BY sort_order, id
2026-04-14T22:07:25.402+08:00 DEBUG 52948 --- [nio-8080-exec-6] c.e.s.m.P.findByProductId                : ==> Parameters: 139(Long)
2026-04-14T22:07:25.403+08:00 DEBUG 52948 --- [nio-8080-exec-6] c.e.s.m.P.findByProductId                : <==      Total: 1
2026-04-14T22:07:25.405+08:00 DEBUG 52948 --- [nio-8080-exec-6] c.e.s.m.P.findByProductId                : ==>  Preparing: SELECT id, product_id as productId, image_url as imageUrl, sort_order as sortOrder FROM product_images WHERE product_id = ? ORDER BY sort_order, id
2026-04-14T22:07:25.405+08:00 DEBUG 52948 --- [nio-8080-exec-6] c.e.s.m.P.findByProductId                : ==> Parameters: 138(Long)
2026-04-14T22:07:25.406+08:00 DEBUG 52948 --- [nio-8080-exec-6] c.e.s.m.P.findByProductId                : <==      Total: 1
2026-04-14T22:07:25.406+08:00 DEBUG 52948 --- [nio-8080-exec-6] c.e.s.m.P.findByProductId                : ==>  Preparing: SELECT id, product_id as productId, image_url as imageUrl, sort_order as sortOrder FROM product_images WHERE product_id = ? ORDER BY sort_order, id
2026-04-14T22:07:25.406+08:00 DEBUG 52948 --- [nio-8080-exec-6] c.e.s.m.P.findByProductId                : ==> Parameters: 137(Long)
2026-04-14T22:07:25.408+08:00 DEBUG 52948 --- [nio-8080-exec-6] c.e.s.m.P.findByProductId                : <==      Total: 1
2026-04-14T22:07:25.409+08:00 DEBUG 52948 --- [nio-8080-exec-6] c.e.s.m.P.findByProductId                : ==>  Preparing: SELECT id, product_id as productId, image_url as imageUrl, sort_order as sortOrder FROM product_images WHERE product_id = ? ORDER BY sort_order, id
2026-04-14T22:07:25.409+08:00 DEBUG 52948 --- [nio-8080-exec-6] c.e.s.m.P.findByProductId                : ==> Parameters: 136(Long)
2026-04-14T22:07:25.411+08:00 DEBUG 52948 --- [nio-8080-exec-6] c.e.s.m.P.findByProductId                : <==      Total: 1
2026-04-14T22:14:08.059+08:00 DEBUG 52948 --- [io-8080-exec-10] c.e.s.mapper.ProductMapper.findById      : ==>  Preparing: SELECT * FROM products WHERE id = ?
2026-04-14T22:14:08.060+08:00 DEBUG 52948 --- [io-8080-exec-10] c.e.s.mapper.ProductMapper.findById      : ==> Parameters: 140(Long)
2026-04-14T22:14:08.061+08:00 DEBUG 52948 --- [io-8080-exec-10] c.e.s.mapper.ProductMapper.findById      : <==      Total: 1
2026-04-14T22:14:08.061+08:00 DEBUG 52948 --- [io-8080-exec-10] c.e.s.m.P.findByProductId                : ==>  Preparing: SELECT id, product_id as productId, image_url as imageUrl, sort_order as sortOrder FROM product_images WHERE product_id = ? ORDER BY sort_order, id
2026-04-14T22:14:08.061+08:00 DEBUG 52948 --- [io-8080-exec-10] c.e.s.m.P.findByProductId                : ==> Parameters: 140(Long)
2026-04-14T22:14:08.062+08:00 DEBUG 52948 --- [io-8080-exec-10] c.e.s.m.P.findByProductId                : <==      Total: 1
2026-04-14T22:14:08.063+08:00 DEBUG 52948 --- [io-8080-exec-10] c.e.shopping.mapper.ShopMapper.findById  : ==>  Preparing: SELECT id, name, folder, description, sort_order as sortOrder FROM shops WHERE id = ?
2026-04-14T22:14:08.063+08:00 DEBUG 52948 --- [io-8080-exec-10] c.e.shopping.mapper.ShopMapper.findById  : ==> Parameters: 37(Long)
2026-04-14T22:14:08.064+08:00 DEBUG 52948 --- [io-8080-exec-10] c.e.shopping.mapper.ShopMapper.findById  : <==      Total: 1
2026-04-14T22:14:08.066+08:00 DEBUG 52948 --- [io-8080-exec-10] c.e.s.m.ReviewMapper.findByProductId     : ==>  Preparing: SELECT r.*, u.username FROM reviews r LEFT JOIN users u ON r.user_id = u.id WHERE r.product_id = ? ORDER BY r.created_at DESC
2026-04-14T22:14:08.066+08:00 DEBUG 52948 --- [io-8080-exec-10] c.e.s.m.ReviewMapper.findByProductId     : ==> Parameters: 140(Long)
2026-04-14T22:14:08.067+08:00 DEBUG 52948 --- [io-8080-exec-10] c.e.s.m.ReviewMapper.findByProductId     : <==      Total: 0
2026-04-14T22:14:45.698+08:00 DEBUG 52948 --- [nio-8080-exec-7] c.e.shopping.mapper.ShopMapper.findAll   : ==>  Preparing: SELECT id, name, folder, description, sort_order as sortOrder FROM shops ORDER BY sort_order, id
2026-04-14T22:14:45.698+08:00 DEBUG 52948 --- [nio-8080-exec-7] c.e.shopping.mapper.ShopMapper.findAll   : ==> Parameters: 
2026-04-14T22:14:45.704+08:00 DEBUG 52948 --- [nio-8080-exec-7] c.e.shopping.mapper.ShopMapper.findAll   : <==      Total: 41
2026-04-14T22:14:45.705+08:00 DEBUG 52948 --- [nio-8080-exec-7] c.e.s.m.ProductMapper.countByCategory    : ==>  Preparing: SELECT COUNT(*) FROM products WHERE status = 1 AND category = ? AND (merchant_id IS NULL OR merchant_id IN (SELECT id FROM shops))
2026-04-14T22:14:45.705+08:00 DEBUG 52948 --- [nio-8080-exec-7] c.e.s.m.ProductMapper.countByCategory    : ==> Parameters: phone(String)
2026-04-14T22:14:45.707+08:00 DEBUG 52948 --- [nio-8080-exec-7] c.e.s.m.ProductMapper.countByCategory    : <==      Total: 1
2026-04-14T22:14:45.707+08:00 DEBUG 52948 --- [nio-8080-exec-7] c.e.s.mapper.ProductMapper.findByPage    : ==>  Preparing: SELECT * FROM products WHERE status = 1 AND category = ? AND (merchant_id IS NULL OR merchant_id IN (SELECT id FROM shops)) ORDER BY id DESC LIMIT ?, ?
2026-04-14T22:14:45.708+08:00 DEBUG 52948 --- [nio-8080-exec-7] c.e.s.mapper.ProductMapper.findByPage    : ==> Parameters: phone(String), 0(Integer), 12(Integer)
2026-04-14T22:14:45.712+08:00 DEBUG 52948 --- [nio-8080-exec-7] c.e.s.mapper.ProductMapper.findByPage    : <==      Total: 12
2026-04-14T22:14:45.712+08:00 DEBUG 52948 --- [nio-8080-exec-7] c.e.s.m.P.findByProductId                : ==>  Preparing: SELECT id, product_id as productId, image_url as imageUrl, sort_order as sortOrder FROM product_images WHERE product_id = ? ORDER BY sort_order, id
2026-04-14T22:14:45.714+08:00 DEBUG 52948 --- [nio-8080-exec-7] c.e.s.m.P.findByProductId                : ==> Parameters: 26(Long)
2026-04-14T22:14:45.714+08:00 DEBUG 52948 --- [nio-8080-exec-7] c.e.s.m.P.findByProductId                : <==      Total: 3
2026-04-14T22:14:45.715+08:00 DEBUG 52948 --- [nio-8080-exec-7] c.e.s.m.P.findByProductId                : ==>  Preparing: SELECT id, product_id as productId, image_url as imageUrl, sort_order as sortOrder FROM product_images WHERE product_id = ? ORDER BY sort_order, id
2026-04-14T22:14:45.715+08:00 DEBUG 52948 --- [nio-8080-exec-7] c.e.s.m.P.findByProductId                : ==> Parameters: 25(Long)
2026-04-14T22:14:45.717+08:00 DEBUG 52948 --- [nio-8080-exec-7] c.e.s.m.P.findByProductId                : <==      Total: 3
2026-04-14T22:14:45.717+08:00 DEBUG 52948 --- [nio-8080-exec-7] c.e.s.m.P.findByProductId                : ==>  Preparing: SELECT id, product_id as productId, image_url as imageUrl, sort_order as sortOrder FROM product_images WHERE product_id = ? ORDER BY sort_order, id
2026-04-14T22:14:45.717+08:00 DEBUG 52948 --- [nio-8080-exec-7] c.e.s.m.P.findByProductId                : ==> Parameters: 24(Long)
2026-04-14T22:14:45.720+08:00 DEBUG 52948 --- [nio-8080-exec-7] c.e.s.m.P.findByProductId                : <==      Total: 2
2026-04-14T22:14:45.720+08:00 DEBUG 52948 --- [nio-8080-exec-7] c.e.s.m.P.findByProductId                : ==>  Preparing: SELECT id, product_id as productId, image_url as imageUrl, sort_order as sortOrder FROM product_images WHERE product_id = ? ORDER BY sort_order, id
2026-04-14T22:14:45.721+08:00 DEBUG 52948 --- [nio-8080-exec-7] c.e.s.m.P.findByProductId                : ==> Parameters: 23(Long)
2026-04-14T22:14:45.721+08:00 DEBUG 52948 --- [nio-8080-exec-7] c.e.s.m.P.findByProductId                : <==      Total: 3
2026-04-14T22:14:45.722+08:00 DEBUG 52948 --- [nio-8080-exec-7] c.e.s.m.P.findByProductId                : ==>  Preparing: SELECT id, product_id as productId, image_url as imageUrl, sort_order as sortOrder FROM product_images WHERE product_id = ? ORDER BY sort_order, id
2026-04-14T22:14:45.722+08:00 DEBUG 52948 --- [nio-8080-exec-7] c.e.s.m.P.findByProductId                : ==> Parameters: 22(Long)
2026-04-14T22:14:45.724+08:00 DEBUG 52948 --- [nio-8080-exec-7] c.e.s.m.P.findByProductId                : <==      Total: 2
2026-04-14T22:14:45.724+08:00 DEBUG 52948 --- [nio-8080-exec-7] c.e.s.m.P.findByProductId                : ==>  Preparing: SELECT id, product_id as productId, image_url as imageUrl, sort_order as sortOrder FROM product_images WHERE product_id = ? ORDER BY sort_order, id
2026-04-14T22:14:45.725+08:00 DEBUG 52948 --- [nio-8080-exec-7] c.e.s.m.P.findByProductId                : ==> Parameters: 21(Long)
2026-04-14T22:14:45.726+08:00 DEBUG 52948 --- [nio-8080-exec-7] c.e.s.m.P.findByProductId                : <==      Total: 3
2026-04-14T22:14:45.726+08:00 DEBUG 52948 --- [nio-8080-exec-7] c.e.s.m.P.findByProductId                : ==>  Preparing: SELECT id, product_id as productId, image_url as imageUrl, sort_order as sortOrder FROM product_images WHERE product_id = ? ORDER BY sort_order, id
2026-04-14T22:14:45.728+08:00 DEBUG 52948 --- [nio-8080-exec-7] c.e.s.m.P.findByProductId                : ==> Parameters: 20(Long)
2026-04-14T22:14:45.728+08:00 DEBUG 52948 --- [nio-8080-exec-7] c.e.s.m.P.findByProductId                : <==      Total: 2
2026-04-14T22:14:45.729+08:00 DEBUG 52948 --- [nio-8080-exec-7] c.e.s.m.P.findByProductId                : ==>  Preparing: SELECT id, product_id as productId, image_url as imageUrl, sort_order as sortOrder FROM product_images WHERE product_id = ? ORDER BY sort_order, id
2026-04-14T22:14:45.729+08:00 DEBUG 52948 --- [nio-8080-exec-7] c.e.s.m.P.findByProductId                : ==> Parameters: 19(Long)
2026-04-14T22:14:45.731+08:00 DEBUG 52948 --- [nio-8080-exec-7] c.e.s.m.P.findByProductId                : <==      Total: 3
2026-04-14T22:14:45.732+08:00 DEBUG 52948 --- [nio-8080-exec-7] c.e.s.m.P.findByProductId                : ==>  Preparing: SELECT id, product_id as productId, image_url as imageUrl, sort_order as sortOrder FROM product_images WHERE product_id = ? ORDER BY sort_order, id
2026-04-14T22:14:45.732+08:00 DEBUG 52948 --- [nio-8080-exec-7] c.e.s.m.P.findByProductId                : ==> Parameters: 18(Long)
2026-04-14T22:14:45.733+08:00 DEBUG 52948 --- [nio-8080-exec-7] c.e.s.m.P.findByProductId                : <==      Total: 2
2026-04-14T22:14:45.735+08:00 DEBUG 52948 --- [nio-8080-exec-7] c.e.s.m.P.findByProductId                : ==>  Preparing: SELECT id, product_id as productId, image_url as imageUrl, sort_order as sortOrder FROM product_images WHERE product_id = ? ORDER BY sort_order, id
2026-04-14T22:14:45.735+08:00 DEBUG 52948 --- [nio-8080-exec-7] c.e.s.m.P.findByProductId                : ==> Parameters: 17(Long)
2026-04-14T22:14:45.737+08:00 DEBUG 52948 --- [nio-8080-exec-7] c.e.s.m.P.findByProductId                : <==      Total: 3
2026-04-14T22:14:45.738+08:00 DEBUG 52948 --- [nio-8080-exec-7] c.e.s.m.P.findByProductId                : ==>  Preparing: SELECT id, product_id as productId, image_url as imageUrl, sort_order as sortOrder FROM product_images WHERE product_id = ? ORDER BY sort_order, id
2026-04-14T22:14:45.738+08:00 DEBUG 52948 --- [nio-8080-exec-7] c.e.s.m.P.findByProductId                : ==> Parameters: 16(Long)
2026-04-14T22:14:45.739+08:00 DEBUG 52948 --- [nio-8080-exec-7] c.e.s.m.P.findByProductId                : <==      Total: 2
2026-04-14T22:14:45.739+08:00 DEBUG 52948 --- [nio-8080-exec-7] c.e.s.m.P.findByProductId                : ==>  Preparing: SELECT id, product_id as productId, image_url as imageUrl, sort_order as sortOrder FROM product_images WHERE product_id = ? ORDER BY sort_order, id
2026-04-14T22:14:45.741+08:00 DEBUG 52948 --- [nio-8080-exec-7] c.e.s.m.P.findByProductId                : ==> Parameters: 15(Long)
2026-04-14T22:14:45.746+08:00 DEBUG 52948 --- [nio-8080-exec-7] c.e.s.m.P.findByProductId                : <==      Total: 2
2026-04-14T22:14:47.315+08:00 DEBUG 52948 --- [nio-8080-exec-7] c.e.s.mapper.ProductMapper.findById      : ==>  Preparing: SELECT * FROM products WHERE id = ?
2026-04-14T22:14:47.316+08:00 DEBUG 52948 --- [nio-8080-exec-7] c.e.s.mapper.ProductMapper.findById      : ==> Parameters: 26(Long)
2026-04-14T22:14:47.318+08:00 DEBUG 52948 --- [nio-8080-exec-7] c.e.s.mapper.ProductMapper.findById      : <==      Total: 1
2026-04-14T22:14:47.318+08:00 DEBUG 52948 --- [nio-8080-exec-7] c.e.s.m.P.findByProductId                : ==>  Preparing: SELECT id, product_id as productId, image_url as imageUrl, sort_order as sortOrder FROM product_images WHERE product_id = ? ORDER BY sort_order, id
2026-04-14T22:14:47.318+08:00 DEBUG 52948 --- [nio-8080-exec-7] c.e.s.m.P.findByProductId                : ==> Parameters: 26(Long)
2026-04-14T22:14:47.320+08:00 DEBUG 52948 --- [nio-8080-exec-7] c.e.s.m.P.findByProductId                : <==      Total: 3
2026-04-14T22:14:47.321+08:00 DEBUG 52948 --- [nio-8080-exec-7] c.e.shopping.mapper.ShopMapper.findById  : ==>  Preparing: SELECT id, name, folder, description, sort_order as sortOrder FROM shops WHERE id = ?
2026-04-14T22:14:47.322+08:00 DEBUG 52948 --- [nio-8080-exec-7] c.e.shopping.mapper.ShopMapper.findById  : ==> Parameters: 9(Long)
2026-04-14T22:14:47.323+08:00 DEBUG 52948 --- [nio-8080-exec-7] c.e.shopping.mapper.ShopMapper.findById  : <==      Total: 1
2026-04-14T22:14:47.324+08:00 DEBUG 52948 --- [nio-8080-exec-7] c.e.s.m.ReviewMapper.findByProductId     : ==>  Preparing: SELECT r.*, u.username FROM reviews r LEFT JOIN users u ON r.user_id = u.id WHERE r.product_id = ? ORDER BY r.created_at DESC
2026-04-14T22:14:47.326+08:00 DEBUG 52948 --- [nio-8080-exec-7] c.e.s.m.ReviewMapper.findByProductId     : ==> Parameters: 26(Long)
2026-04-14T22:14:47.332+08:00 DEBUG 52948 --- [nio-8080-exec-7] c.e.s.m.ReviewMapper.findByProductId     : <==      Total: 0
2026-04-14T22:14:50.852+08:00 DEBUG 52948 --- [nio-8080-exec-3] c.e.s.mapper.ProductMapper.findById      : ==>  Preparing: SELECT * FROM products WHERE id = ?
2026-04-14T22:14:50.853+08:00 DEBUG 52948 --- [nio-8080-exec-3] c.e.s.mapper.ProductMapper.findById      : ==> Parameters: 25(Long)
2026-04-14T22:14:50.856+08:00 DEBUG 52948 --- [nio-8080-exec-3] c.e.s.mapper.ProductMapper.findById      : <==      Total: 1
2026-04-14T22:14:50.857+08:00 DEBUG 52948 --- [nio-8080-exec-3] c.e.s.m.P.findByProductId                : ==>  Preparing: SELECT id, product_id as productId, image_url as imageUrl, sort_order as sortOrder FROM product_images WHERE product_id = ? ORDER BY sort_order, id
2026-04-14T22:14:50.858+08:00 DEBUG 52948 --- [nio-8080-exec-3] c.e.s.m.P.findByProductId                : ==> Parameters: 25(Long)
2026-04-14T22:14:50.859+08:00 DEBUG 52948 --- [nio-8080-exec-3] c.e.s.m.P.findByProductId                : <==      Total: 3
2026-04-14T22:14:50.860+08:00 DEBUG 52948 --- [nio-8080-exec-3] c.e.shopping.mapper.ShopMapper.findById  : ==>  Preparing: SELECT id, name, folder, description, sort_order as sortOrder FROM shops WHERE id = ?
2026-04-14T22:14:50.860+08:00 DEBUG 52948 --- [nio-8080-exec-3] c.e.shopping.mapper.ShopMapper.findById  : ==> Parameters: 9(Long)
2026-04-14T22:14:50.862+08:00 DEBUG 52948 --- [nio-8080-exec-3] c.e.shopping.mapper.ShopMapper.findById  : <==      Total: 1
2026-04-14T22:14:50.862+08:00 DEBUG 52948 --- [nio-8080-exec-3] c.e.s.m.ReviewMapper.findByProductId     : ==>  Preparing: SELECT r.*, u.username FROM reviews r LEFT JOIN users u ON r.user_id = u.id WHERE r.product_id = ? ORDER BY r.created_at DESC
2026-04-14T22:14:50.863+08:00 DEBUG 52948 --- [nio-8080-exec-3] c.e.s.m.ReviewMapper.findByProductId     : ==> Parameters: 25(Long)
2026-04-14T22:14:50.865+08:00 DEBUG 52948 --- [nio-8080-exec-3] c.e.s.m.ReviewMapper.findByProductId     : <==      Total: 0
2026-04-14T22:14:55.014+08:00 DEBUG 52948 --- [nio-8080-exec-8] c.e.shopping.mapper.ShopMapper.findAll   : ==>  Preparing: SELECT id, name, folder, description, sort_order as sortOrder FROM shops ORDER BY sort_order, id
2026-04-14T22:14:55.014+08:00 DEBUG 52948 --- [nio-8080-exec-8] c.e.shopping.mapper.ShopMapper.findAll   : ==> Parameters: 
2026-04-14T22:14:55.018+08:00 DEBUG 52948 --- [nio-8080-exec-8] c.e.shopping.mapper.ShopMapper.findAll   : <==      Total: 41
2026-04-14T22:14:55.018+08:00 DEBUG 52948 --- [nio-8080-exec-8] c.e.s.m.ProductMapper.countByCategory    : ==>  Preparing: SELECT COUNT(*) FROM products WHERE status = 1 AND ( category IN ('sports', 'sport', 'sports-outdoor', 'outdoor') OR image_url LIKE '/image/sports/%' OR merchant_id IN (SELECT id FROM shops WHERE folder LIKE 'sports%') ) AND (merchant_id IS NULL OR merchant_id IN (SELECT id FROM shops))
2026-04-14T22:14:55.020+08:00 DEBUG 52948 --- [nio-8080-exec-8] c.e.s.m.ProductMapper.countByCategory    : ==> Parameters: 
2026-04-14T22:14:55.022+08:00 DEBUG 52948 --- [nio-8080-exec-8] c.e.s.m.ProductMapper.countByCategory    : <==      Total: 1
2026-04-14T22:14:55.022+08:00 DEBUG 52948 --- [nio-8080-exec-8] c.e.s.mapper.ProductMapper.findByPage    : ==>  Preparing: SELECT * FROM products WHERE status = 1 AND ( category IN ('sports', 'sport', 'sports-outdoor', 'outdoor') OR image_url LIKE '/image/sports/%' OR merchant_id IN (SELECT id FROM shops WHERE folder LIKE 'sports%') ) AND (merchant_id IS NULL OR merchant_id IN (SELECT id FROM shops)) ORDER BY id DESC LIMIT ?, ?
2026-04-14T22:14:55.022+08:00 DEBUG 52948 --- [nio-8080-exec-8] c.e.s.mapper.ProductMapper.findByPage    : ==> Parameters: 0(Integer), 12(Integer)
2026-04-14T22:14:55.025+08:00 DEBUG 52948 --- [nio-8080-exec-8] c.e.s.mapper.ProductMapper.findByPage    : <==      Total: 6
2026-04-14T22:14:55.025+08:00 DEBUG 52948 --- [nio-8080-exec-8] c.e.s.m.P.findByProductId                : ==>  Preparing: SELECT id, product_id as productId, image_url as imageUrl, sort_order as sortOrder FROM product_images WHERE product_id = ? ORDER BY sort_order, id
2026-04-14T22:14:55.027+08:00 DEBUG 52948 --- [nio-8080-exec-8] c.e.s.m.P.findByProductId                : ==> Parameters: 141(Long)
2026-04-14T22:14:55.027+08:00 DEBUG 52948 --- [nio-8080-exec-8] c.e.s.m.P.findByProductId                : <==      Total: 1
2026-04-14T22:14:55.028+08:00 DEBUG 52948 --- [nio-8080-exec-8] c.e.s.m.P.findByProductId                : ==>  Preparing: SELECT id, product_id as productId, image_url as imageUrl, sort_order as sortOrder FROM product_images WHERE product_id = ? ORDER BY sort_order, id
2026-04-14T22:14:55.029+08:00 DEBUG 52948 --- [nio-8080-exec-8] c.e.s.m.P.findByProductId                : ==> Parameters: 140(Long)
2026-04-14T22:14:55.030+08:00 DEBUG 52948 --- [nio-8080-exec-8] c.e.s.m.P.findByProductId                : <==      Total: 1
2026-04-14T22:14:55.030+08:00 DEBUG 52948 --- [nio-8080-exec-8] c.e.s.m.P.findByProductId                : ==>  Preparing: SELECT id, product_id as productId, image_url as imageUrl, sort_order as sortOrder FROM product_images WHERE product_id = ? ORDER BY sort_order, id
2026-04-14T22:14:55.031+08:00 DEBUG 52948 --- [nio-8080-exec-8] c.e.s.m.P.findByProductId                : ==> Parameters: 139(Long)
2026-04-14T22:14:55.031+08:00 DEBUG 52948 --- [nio-8080-exec-8] c.e.s.m.P.findByProductId                : <==      Total: 1
2026-04-14T22:14:55.033+08:00 DEBUG 52948 --- [nio-8080-exec-8] c.e.s.m.P.findByProductId                : ==>  Preparing: SELECT id, product_id as productId, image_url as imageUrl, sort_order as sortOrder FROM product_images WHERE product_id = ? ORDER BY sort_order, id
2026-04-14T22:14:55.034+08:00 DEBUG 52948 --- [nio-8080-exec-8] c.e.s.m.P.findByProductId                : ==> Parameters: 138(Long)
2026-04-14T22:14:55.035+08:00 DEBUG 52948 --- [nio-8080-exec-8] c.e.s.m.P.findByProductId                : <==      Total: 1
2026-04-14T22:14:55.035+08:00 DEBUG 52948 --- [nio-8080-exec-8] c.e.s.m.P.findByProductId                : ==>  Preparing: SELECT id, product_id as productId, image_url as imageUrl, sort_order as sortOrder FROM product_images WHERE product_id = ? ORDER BY sort_order, id
2026-04-14T22:14:55.036+08:00 DEBUG 52948 --- [nio-8080-exec-8] c.e.s.m.P.findByProductId                : ==> Parameters: 137(Long)
2026-04-14T22:14:55.037+08:00 DEBUG 52948 --- [nio-8080-exec-8] c.e.s.m.P.findByProductId                : <==      Total: 1
2026-04-14T22:14:55.038+08:00 DEBUG 52948 --- [nio-8080-exec-8] c.e.s.m.P.findByProductId                : ==>  Preparing: SELECT id, product_id as productId, image_url as imageUrl, sort_order as sortOrder FROM product_images WHERE product_id = ? ORDER BY sort_order, id
2026-04-14T22:14:55.038+08:00 DEBUG 52948 --- [nio-8080-exec-8] c.e.s.m.P.findByProductId                : ==> Parameters: 136(Long)
2026-04-14T22:14:55.039+08:00 DEBUG 52948 --- [nio-8080-exec-8] c.e.s.m.P.findByProductId                : <==      Total: 1
2026-04-14T22:15:09.088+08:00 DEBUG 52948 --- [nio-8080-exec-3] c.e.shopping.mapper.ShopMapper.findAll   : ==>  Preparing: SELECT id, name, folder, description, sort_order as sortOrder FROM shops ORDER BY sort_order, id
2026-04-14T22:15:09.088+08:00 DEBUG 52948 --- [nio-8080-exec-3] c.e.shopping.mapper.ShopMapper.findAll   : ==> Parameters: 
2026-04-14T22:15:09.091+08:00 DEBUG 52948 --- [nio-8080-exec-3] c.e.shopping.mapper.ShopMapper.findAll   : <==      Total: 41
2026-04-14T22:15:09.093+08:00 DEBUG 52948 --- [nio-8080-exec-3] c.e.s.m.ProductMapper.countByCategory    : ==>  Preparing: SELECT COUNT(*) FROM products WHERE status = 1 AND ( category IN ('cosmetics', 'beauty', 'makeup', 'meizhuang') OR image_url LIKE '/image/cosmetics/%' OR merchant_id IN (SELECT id FROM shops WHERE folder LIKE 'meizhuang%') ) AND (merchant_id IS NULL OR merchant_id IN (SELECT id FROM shops))
2026-04-14T22:15:09.095+08:00 DEBUG 52948 --- [nio-8080-exec-3] c.e.s.m.ProductMapper.countByCategory    : ==> Parameters: 
2026-04-14T22:15:09.096+08:00 DEBUG 52948 --- [nio-8080-exec-3] c.e.s.m.ProductMapper.countByCategory    : <==      Total: 1
2026-04-14T22:15:09.097+08:00 DEBUG 52948 --- [nio-8080-exec-3] c.e.s.mapper.ProductMapper.findByPage    : ==>  Preparing: SELECT * FROM products WHERE status = 1 AND ( category IN ('cosmetics', 'beauty', 'makeup', 'meizhuang') OR image_url LIKE '/image/cosmetics/%' OR merchant_id IN (SELECT id FROM shops WHERE folder LIKE 'meizhuang%') ) AND (merchant_id IS NULL OR merchant_id IN (SELECT id FROM shops)) ORDER BY id DESC LIMIT ?, ?
2026-04-14T22:15:09.097+08:00 DEBUG 52948 --- [nio-8080-exec-3] c.e.s.mapper.ProductMapper.findByPage    : ==> Parameters: 0(Integer), 12(Integer)
2026-04-14T22:15:09.101+08:00 DEBUG 52948 --- [nio-8080-exec-3] c.e.s.mapper.ProductMapper.findByPage    : <==      Total: 8
2026-04-14T22:15:09.101+08:00 DEBUG 52948 --- [nio-8080-exec-3] c.e.s.m.P.findByProductId                : ==>  Preparing: SELECT id, product_id as productId, image_url as imageUrl, sort_order as sortOrder FROM product_images WHERE product_id = ? ORDER BY sort_order, id
2026-04-14T22:15:09.101+08:00 DEBUG 52948 --- [nio-8080-exec-3] c.e.s.m.P.findByProductId                : ==> Parameters: 149(Long)
2026-04-14T22:15:09.103+08:00 DEBUG 52948 --- [nio-8080-exec-3] c.e.s.m.P.findByProductId                : <==      Total: 1
2026-04-14T22:15:09.103+08:00 DEBUG 52948 --- [nio-8080-exec-3] c.e.s.m.P.findByProductId                : ==>  Preparing: SELECT id, product_id as productId, image_url as imageUrl, sort_order as sortOrder FROM product_images WHERE product_id = ? ORDER BY sort_order, id
2026-04-14T22:15:09.104+08:00 DEBUG 52948 --- [nio-8080-exec-3] c.e.s.m.P.findByProductId                : ==> Parameters: 148(Long)
2026-04-14T22:15:09.104+08:00 DEBUG 52948 --- [nio-8080-exec-3] c.e.s.m.P.findByProductId                : <==      Total: 1
2026-04-14T22:15:09.104+08:00 DEBUG 52948 --- [nio-8080-exec-3] c.e.s.m.P.findByProductId                : ==>  Preparing: SELECT id, product_id as productId, image_url as imageUrl, sort_order as sortOrder FROM product_images WHERE product_id = ? ORDER BY sort_order, id
2026-04-14T22:15:09.106+08:00 DEBUG 52948 --- [nio-8080-exec-3] c.e.s.m.P.findByProductId                : ==> Parameters: 147(Long)
2026-04-14T22:15:09.106+08:00 DEBUG 52948 --- [nio-8080-exec-3] c.e.s.m.P.findByProductId                : <==      Total: 1
2026-04-14T22:15:09.106+08:00 DEBUG 52948 --- [nio-8080-exec-3] c.e.s.m.P.findByProductId                : ==>  Preparing: SELECT id, product_id as productId, image_url as imageUrl, sort_order as sortOrder FROM product_images WHERE product_id = ? ORDER BY sort_order, id
2026-04-14T22:15:09.108+08:00 DEBUG 52948 --- [nio-8080-exec-3] c.e.s.m.P.findByProductId                : ==> Parameters: 146(Long)
2026-04-14T22:15:09.108+08:00 DEBUG 52948 --- [nio-8080-exec-3] c.e.s.m.P.findByProductId                : <==      Total: 1
2026-04-14T22:15:09.109+08:00 DEBUG 52948 --- [nio-8080-exec-3] c.e.s.m.P.findByProductId                : ==>  Preparing: SELECT id, product_id as productId, image_url as imageUrl, sort_order as sortOrder FROM product_images WHERE product_id = ? ORDER BY sort_order, id
2026-04-14T22:15:09.110+08:00 DEBUG 52948 --- [nio-8080-exec-3] c.e.s.m.P.findByProductId                : ==> Parameters: 145(Long)
2026-04-14T22:15:09.110+08:00 DEBUG 52948 --- [nio-8080-exec-3] c.e.s.m.P.findByProductId                : <==      Total: 1
2026-04-14T22:15:09.111+08:00 DEBUG 52948 --- [nio-8080-exec-3] c.e.s.m.P.findByProductId                : ==>  Preparing: SELECT id, product_id as productId, image_url as imageUrl, sort_order as sortOrder FROM product_images WHERE product_id = ? ORDER BY sort_order, id
2026-04-14T22:15:09.111+08:00 DEBUG 52948 --- [nio-8080-exec-3] c.e.s.m.P.findByProductId                : ==> Parameters: 144(Long)
2026-04-14T22:15:09.113+08:00 DEBUG 52948 --- [nio-8080-exec-3] c.e.s.m.P.findByProductId                : <==      Total: 1
2026-04-14T22:15:09.114+08:00 DEBUG 52948 --- [nio-8080-exec-3] c.e.s.m.P.findByProductId                : ==>  Preparing: SELECT id, product_id as productId, image_url as imageUrl, sort_order as sortOrder FROM product_images WHERE product_id = ? ORDER BY sort_order, id
2026-04-14T22:15:09.114+08:00 DEBUG 52948 --- [nio-8080-exec-3] c.e.s.m.P.findByProductId                : ==> Parameters: 143(Long)
2026-04-14T22:15:09.114+08:00 DEBUG 52948 --- [nio-8080-exec-3] c.e.s.m.P.findByProductId                : <==      Total: 1
2026-04-14T22:15:09.116+08:00 DEBUG 52948 --- [nio-8080-exec-3] c.e.s.m.P.findByProductId                : ==>  Preparing: SELECT id, product_id as productId, image_url as imageUrl, sort_order as sortOrder FROM product_images WHERE product_id = ? ORDER BY sort_order, id
2026-04-14T22:15:09.116+08:00 DEBUG 52948 --- [nio-8080-exec-3] c.e.s.m.P.findByProductId                : ==> Parameters: 142(Long)
2026-04-14T22:15:09.118+08:00 DEBUG 52948 --- [nio-8080-exec-3] c.e.s.m.P.findByProductId                : <==      Total: 1
2026-04-14T22:21:46.040+08:00 DEBUG 52948 --- [nio-8080-exec-9] c.e.shopping.mapper.ShopMapper.findAll   : ==>  Preparing: SELECT id, name, folder, description, sort_order as sortOrder FROM shops ORDER BY sort_order, id
2026-04-14T22:21:46.040+08:00 DEBUG 52948 --- [nio-8080-exec-9] c.e.shopping.mapper.ShopMapper.findAll   : ==> Parameters: 
2026-04-14T22:21:46.044+08:00 DEBUG 52948 --- [nio-8080-exec-9] c.e.shopping.mapper.ShopMapper.findAll   : <==      Total: 41
2026-04-14T22:21:46.044+08:00 DEBUG 52948 --- [nio-8080-exec-9] c.e.s.m.ProductMapper.countByCategory    : ==>  Preparing: SELECT COUNT(*) FROM products WHERE status = 1 AND category IN ('phone', 'computer') AND (merchant_id IS NULL OR merchant_id IN (SELECT id FROM shops))
2026-04-14T22:21:46.044+08:00 DEBUG 52948 --- [nio-8080-exec-9] c.e.s.m.ProductMapper.countByCategory    : ==> Parameters: 
2026-04-14T22:21:46.046+08:00 DEBUG 52948 --- [nio-8080-exec-9] c.e.s.m.ProductMapper.countByCategory    : <==      Total: 1
2026-04-14T22:21:46.047+08:00 DEBUG 52948 --- [nio-8080-exec-9] c.e.s.mapper.ProductMapper.findByPage    : ==>  Preparing: SELECT * FROM products WHERE status = 1 AND category IN ('phone', 'computer') AND (merchant_id IS NULL OR merchant_id IN (SELECT id FROM shops)) ORDER BY id DESC LIMIT ?, ?
2026-04-14T22:21:46.047+08:00 DEBUG 52948 --- [nio-8080-exec-9] c.e.s.mapper.ProductMapper.findByPage    : ==> Parameters: 0(Integer), 12(Integer)
2026-04-14T22:21:46.053+08:00 DEBUG 52948 --- [nio-8080-exec-9] c.e.s.mapper.ProductMapper.findByPage    : <==      Total: 12
2026-04-14T22:21:46.053+08:00 DEBUG 52948 --- [nio-8080-exec-9] c.e.s.m.P.findByProductId                : ==>  Preparing: SELECT id, product_id as productId, image_url as imageUrl, sort_order as sortOrder FROM product_images WHERE product_id = ? ORDER BY sort_order, id
2026-04-14T22:21:46.053+08:00 DEBUG 52948 --- [nio-8080-exec-9] c.e.s.m.P.findByProductId                : ==> Parameters: 68(Long)
2026-04-14T22:21:46.055+08:00 DEBUG 52948 --- [nio-8080-exec-9] c.e.s.m.P.findByProductId                : <==      Total: 1
2026-04-14T22:21:46.056+08:00 DEBUG 52948 --- [nio-8080-exec-9] c.e.s.m.P.findByProductId                : ==>  Preparing: SELECT id, product_id as productId, image_url as imageUrl, sort_order as sortOrder FROM product_images WHERE product_id = ? ORDER BY sort_order, id
2026-04-14T22:21:46.056+08:00 DEBUG 52948 --- [nio-8080-exec-9] c.e.s.m.P.findByProductId                : ==> Parameters: 67(Long)
2026-04-14T22:21:46.057+08:00 DEBUG 52948 --- [nio-8080-exec-9] c.e.s.m.P.findByProductId                : <==      Total: 1
2026-04-14T22:21:46.057+08:00 DEBUG 52948 --- [nio-8080-exec-9] c.e.s.m.P.findByProductId                : ==>  Preparing: SELECT id, product_id as productId, image_url as imageUrl, sort_order as sortOrder FROM product_images WHERE product_id = ? ORDER BY sort_order, id
2026-04-14T22:21:46.057+08:00 DEBUG 52948 --- [nio-8080-exec-9] c.e.s.m.P.findByProductId                : ==> Parameters: 66(Long)
2026-04-14T22:21:46.057+08:00 DEBUG 52948 --- [nio-8080-exec-9] c.e.s.m.P.findByProductId                : <==      Total: 1
2026-04-14T22:21:46.058+08:00 DEBUG 52948 --- [nio-8080-exec-9] c.e.s.m.P.findByProductId                : ==>  Preparing: SELECT id, product_id as productId, image_url as imageUrl, sort_order as sortOrder FROM product_images WHERE product_id = ? ORDER BY sort_order, id
2026-04-14T22:21:46.059+08:00 DEBUG 52948 --- [nio-8080-exec-9] c.e.s.m.P.findByProductId                : ==> Parameters: 65(Long)
2026-04-14T22:21:46.060+08:00 DEBUG 52948 --- [nio-8080-exec-9] c.e.s.m.P.findByProductId                : <==      Total: 1
2026-04-14T22:21:46.060+08:00 DEBUG 52948 --- [nio-8080-exec-9] c.e.s.m.P.findByProductId                : ==>  Preparing: SELECT id, product_id as productId, image_url as imageUrl, sort_order as sortOrder FROM product_images WHERE product_id = ? ORDER BY sort_order, id
2026-04-14T22:21:46.060+08:00 DEBUG 52948 --- [nio-8080-exec-9] c.e.s.m.P.findByProductId                : ==> Parameters: 64(Long)
2026-04-14T22:21:46.061+08:00 DEBUG 52948 --- [nio-8080-exec-9] c.e.s.m.P.findByProductId                : <==      Total: 1
2026-04-14T22:21:46.062+08:00 DEBUG 52948 --- [nio-8080-exec-9] c.e.s.m.P.findByProductId                : ==>  Preparing: SELECT id, product_id as productId, image_url as imageUrl, sort_order as sortOrder FROM product_images WHERE product_id = ? ORDER BY sort_order, id
2026-04-14T22:21:46.062+08:00 DEBUG 52948 --- [nio-8080-exec-9] c.e.s.m.P.findByProductId                : ==> Parameters: 63(Long)
2026-04-14T22:21:46.064+08:00 DEBUG 52948 --- [nio-8080-exec-9] c.e.s.m.P.findByProductId                : <==      Total: 1
2026-04-14T22:21:46.064+08:00 DEBUG 52948 --- [nio-8080-exec-9] c.e.s.m.P.findByProductId                : ==>  Preparing: SELECT id, product_id as productId, image_url as imageUrl, sort_order as sortOrder FROM product_images WHERE product_id = ? ORDER BY sort_order, id
2026-04-14T22:21:46.064+08:00 DEBUG 52948 --- [nio-8080-exec-9] c.e.s.m.P.findByProductId                : ==> Parameters: 62(Long)
2026-04-14T22:21:46.065+08:00 DEBUG 52948 --- [nio-8080-exec-9] c.e.s.m.P.findByProductId                : <==      Total: 1
2026-04-14T22:21:46.065+08:00 DEBUG 52948 --- [nio-8080-exec-9] c.e.s.m.P.findByProductId                : ==>  Preparing: SELECT id, product_id as productId, image_url as imageUrl, sort_order as sortOrder FROM product_images WHERE product_id = ? ORDER BY sort_order, id
2026-04-14T22:21:46.065+08:00 DEBUG 52948 --- [nio-8080-exec-9] c.e.s.m.P.findByProductId                : ==> Parameters: 61(Long)
2026-04-14T22:21:46.066+08:00 DEBUG 52948 --- [nio-8080-exec-9] c.e.s.m.P.findByProductId                : <==      Total: 1
2026-04-14T22:21:46.067+08:00 DEBUG 52948 --- [nio-8080-exec-9] c.e.s.m.P.findByProductId                : ==>  Preparing: SELECT id, product_id as productId, image_url as imageUrl, sort_order as sortOrder FROM product_images WHERE product_id = ? ORDER BY sort_order, id
2026-04-14T22:21:46.067+08:00 DEBUG 52948 --- [nio-8080-exec-9] c.e.s.m.P.findByProductId                : ==> Parameters: 60(Long)
2026-04-14T22:21:46.069+08:00 DEBUG 52948 --- [nio-8080-exec-9] c.e.s.m.P.findByProductId                : <==      Total: 1
2026-04-14T22:21:46.069+08:00 DEBUG 52948 --- [nio-8080-exec-9] c.e.s.m.P.findByProductId                : ==>  Preparing: SELECT id, product_id as productId, image_url as imageUrl, sort_order as sortOrder FROM product_images WHERE product_id = ? ORDER BY sort_order, id
2026-04-14T22:21:46.069+08:00 DEBUG 52948 --- [nio-8080-exec-9] c.e.s.m.P.findByProductId                : ==> Parameters: 59(Long)
2026-04-14T22:21:46.070+08:00 DEBUG 52948 --- [nio-8080-exec-9] c.e.s.m.P.findByProductId                : <==      Total: 1
2026-04-14T22:21:46.070+08:00 DEBUG 52948 --- [nio-8080-exec-9] c.e.s.m.P.findByProductId                : ==>  Preparing: SELECT id, product_id as productId, image_url as imageUrl, sort_order as sortOrder FROM product_images WHERE product_id = ? ORDER BY sort_order, id
2026-04-14T22:21:46.070+08:00 DEBUG 52948 --- [nio-8080-exec-9] c.e.s.m.P.findByProductId                : ==> Parameters: 58(Long)
2026-04-14T22:21:46.072+08:00 DEBUG 52948 --- [nio-8080-exec-9] c.e.s.m.P.findByProductId                : <==      Total: 1
2026-04-14T22:21:46.072+08:00 DEBUG 52948 --- [nio-8080-exec-9] c.e.s.m.P.findByProductId                : ==>  Preparing: SELECT id, product_id as productId, image_url as imageUrl, sort_order as sortOrder FROM product_images WHERE product_id = ? ORDER BY sort_order, id
2026-04-14T22:21:46.072+08:00 DEBUG 52948 --- [nio-8080-exec-9] c.e.s.m.P.findByProductId                : ==> Parameters: 57(Long)
2026-04-14T22:21:46.072+08:00 DEBUG 52948 --- [nio-8080-exec-9] c.e.s.m.P.findByProductId                : <==      Total: 1
[INFO] ------------------------------------------------------------------------
[INFO] BUILD FAILURE
[INFO] ------------------------------------------------------------------------
[INFO] Total time:  30:22 min
[INFO] Finished at: 2026-04-14T22:25:30+08:00
[INFO] ------------------------------------------------------------------------
[ERROR] Failed to execute goal org.springframework.boot:spring-boot-maven-plugin:3.3.0:run (default-cli) on project shopping: Process terminated with exit code: -1 -> [Help 1]
[ERROR] 
[ERROR] To see the full stack trace of the errors, re-run Maven with the -e switch.
[ERROR] Re-run Maven using the -X switch to enable full debug logging.
[ERROR] 
[ERROR] For more information about the errors and possible solutions, please read the following articles:
[ERROR] [Help 1] http://cwiki.apache.org/confluence/display/MAVEN/MojoExecutionException
